
ROM used: 964 (47%)
          964 (47%) including unused fragments

          1 Average locations per line
          5 Average locations per statement

RAM used: 6 (2%) at main() level
          33 (10%) worst case

Stack used: 2 worst case (out of 16 total available)

Lines Stmts  %   Files
----- ----- ---  -----
  404   199 100  SMD V1.0.c
  474     0   0  C:\Program Files (x86)\PICC\devices\16f1826.h
----- -----
  878   199 Total

Page ROM  %  RAM   Vol Diff  Functions:
---- --- --- ---   --- ----  ----------
0     22   2   1             @delay_ms1
0     16   2   1             @delay_us1
0    235  24   0             @const104
0     13   1   0   174  1.8  set_SPI
0     15   2   0    48  1.1  set_variables
0      6   1   0    33  1.3  set_pins
0      8   1   0    50  1.5  set_pullups
0     13   1   1    35  1.4  md_set_state
0     13   1   1    39  1.8  md_set_direction
0    315  33   0  3038  3.2  md_init
0    258  27   8  2363  9.4  motion_cycle
0      9   1   0   131  1.3  @goto10236
0     38   4   1   131  1.3  MAIN

Program metrics:
    Functions               10
    Statements              199
    Comments                172
    Volume (V)              7865
    Difficilty (D)          27.0
    Effort to implement (E) 212434
    Time to implement (T)   3 hours, 17 minutes
    Est Delivered Bugs (B)  1
    Cyclomatic Complexity   23
    Maintainability (MI)    94

 Segment     Used  Free
-----------  ----  ----
00000-00002     3  0  
00003-007FF   961  1084  



