
ROM used:   1736/2048 (85%)
            1736/2048 (85%) including unused fragments

            1.3 Average locations per line
            6.8 Average locations per statement

RAM used:   9/335 (3%) at main() level
            40/335 (12%) worst case

Stack used: 3 worst case (3 in main + 0 for interrupts)
Stack size: 16

Lines Stmts  %   Files
----- ----- ---  -----
  478   254 100  SMD V1.1_Versiyon2.c
  825     0   0  ..\..\..\..\Program Files (x86)\PICC\Devices\16f1826.h
----- -----
 1303   254 Total

Page ROM  %  RAM   Vol Diff  Functions:
---- --- --- ---   --- ----  ----------
0     21   1    1             @delay_ms1
0     18   1    1             @delay_us1
0    579  33    0             @const640
 Inline         1   974  6.1  read_driver
0     13   1    0   174  1.8  set_SPI
0     11   1    0    32  1.0  set_variables
0      6   0    0    33  1.3  set_pins
0     81   5    1   662  4.6  md_set_state
0     14   1    1    52  1.9  md_set_direction
0    310  18    0  3002  3.2  md_init
0    611  35    6  2489  9.4  motion_cycle
0     11   1    0   944  6.1  @const683
 Inline         5   253  2.2  @PSTRINGCN7_38400_106_105
 Inline         9   944  6.1  @PRINTF_LU_38400_106_105
0      9   1    0   100  1.7  @goto10813
0     49   3    1   138  1.3  MAIN
 Inline         0             @cinit1

Program metrics:
    Functions               13
    Statements              254
    Comments                215
    Volume (V)              14232
    Difficulty (D)          48.8
    Effort to implement (E) 694280
    Time to implement (T)   10 hours, 43 minutes
    Est Delivered Bugs (B)  3
    Cyclomatic Complexity   31
    Maintainability (MI)    87

 Segment     Used  Free
-----------  ----  ----
00000-00002     3  0  
00003-007FF  1733  312  



