
ROM used: 522 (25%)
          522 (25%) including unused fragments

          1 Average locations per line
          3 Average locations per statement

RAM used: 6 (2%) at main() level
          33 (10%) worst case

Stack used: 2 worst case (out of 16 total available)

Lines Stmts  %   Files
----- ----- ---  -----
  365   157 100  No Torque Selection Enable V1.1.c
  474     0   0  C:\Program Files (x86)\PICC\devices\16f1826.h
----- -----
  839   157 Total

Page ROM  %  RAM   Vol Diff  Functions:
---- --- --- ---   --- ----  ----------
0     21   4   1             @delay_ms1
0      6   1   0    33  1.3  set_pins
0     13   2   0   174  1.8  set_SPI
0     23   4   0    86  1.3  set_variables
0    336  64   0  3304  3.2  set_driver
0     77  15   1   323  3.7  motion_cycle
0     43   8   1   138  1.3  MAIN

Program metrics:
    Functions               6
    Statements              157
    Comments                201
    Volume (V)              4934
    Difficilty (D)          14.1
    Effort to implement (E) 69590
    Time to implement (T)   1 hours, 4 minutes
    Est Delivered Bugs (B)  1
    Cyclomatic Complexity   2
    Maintainability (MI)    105

 Segment     Used  Free
-----------  ----  ----
00000-00002     3  0  
00003-007FF   519  1526  



