
ROM used:   1503/2048 (73%)
            1503/2048 (73%) including unused fragments

            1.4 Average locations per line
            18.3 Average locations per statement

RAM used:   8/335 (2%) at main() level
            26/335 (8%) worst case

Stack used: 4 worst case (4 in main + 0 for interrupts)
Stack size: 16

Lines Stmts  %   Files
----- ----- ---  -----
  265    82 100  SMD V1.1_Versiyon2.c
  825     0   0  C:\Program Files (x86)\PICC\Devices\16f1826.h
----- -----
 1090    82 Total

Page ROM  %  RAM   Vol Diff  Functions:
---- --- --- ---   --- ----  ----------
0     21   1    1             @delay_ms1
0     18   1    1             @delay_us1
0   1109  74    0             @const634
0      6   0    0    33  1.3  set_pins
0     13   1    0   174  1.8  set_SPI
0     19   1    0    67  1.2  set_variables
0     11   1    1    72  2.4  write_register_byte
0     22   1    3   149  1.8  write_register
0     44   3    0   172  1.4  set_driver
0     17   1    1    96  2.5  md_set_state
0     13   1    1    39  1.8  md_set_direction
0    152  10    7   862  8.8  motion_cycle
0     55   4    1   323  3.7  MAIN
 Inline         0             @cinit1

Program metrics:
    Functions               10
    Statements              82
    Comments                198
    Volume (V)              3116
    Difficulty (D)          26.9
    Effort to implement (E) 83701
    Time to implement (T)   1 hours, 18 minutes
    Est Delivered Bugs (B)  1
    Cyclomatic Complexity   9
    Maintainability (MI)    136

 Segment     Used  Free
-----------  ----  ----
00000-00002     3  0  
00003-007FF  1500  545  



