
ROM used: 995 (49%)
          995 (49%) including unused fragments

          1 Average locations per line
          5 Average locations per statement

RAM used: 6 (2%) at main() level
          33 (10%) worst case

Stack used: 2 worst case (out of 16 total available)

Lines Stmts  %   Files
----- ----- ---  -----
  411   205 100  Asansor Version1.c
  474     0   0  C:\Program Files (x86)\PICC\devices\16f1826.h
----- -----
  885   205 Total

Page ROM  %  RAM   Vol Diff  Functions:
---- --- --- ---   --- ----  ----------
0     22   2   1             @delay_ms1
0     16   2   1             @delay_us1
0    235  24   0             @const104
0     13   1   0   174  1.8  set_SPI
0     15   2   0    48  1.1  set_variables
0      6   1   0    33  1.3  set_pins
0      8   1   0    50  1.5  set_pullups
0     13   1   1    35  1.4  md_set_state
0     13   1   1    35  1.4  md_set_direction
0    315  32   0  3038  3.2  md_init
0    289  29   9  2535  8.9  motion_cycle
0      9   1   0             @goto10238
0     38   4   1   131  1.3  MAIN

Program metrics:
    Functions               9
    Statements              205
    Comments                172
    Volume (V)              7725
    Difficilty (D)          24.6
    Effort to implement (E) 190158
    Time to implement (T)   2 hours, 56 minutes
    Est Delivered Bugs (B)  1
    Cyclomatic Complexity   22
    Maintainability (MI)    108

 Segment     Used  Free
-----------  ----  ----
00000-00002     3  0  
00003-007FF   992  1053  



