
ROM used:   1008/2048 (49%)
            1008/2048 (49%) including unused fragments

            0.8 Average locations per line
            4.6 Average locations per statement

RAM used:   6/335 (2%) at main() level
            38/335 (11%) worst case

Stack used: 3 worst case (3 in main + 0 for interrupts)
Stack size: 16

Lines Stmts  %   Files
----- ----- ---  -----
  424   220 100  SMD V1.1.c
  825     0   0  C:\Program Files (x86)\PICC\Devices\16f1826.h
----- -----
 1249   220 Total

Page ROM  %  RAM   Vol Diff  Functions:
---- --- --- ---   --- ----  ----------
0     22   2    1             @delay_ms1
0     16   2    1             @delay_us1
0    235  23    0             @const636
0     13   1    0   174  1.8  set_SPI
0     11   1    0    32  1.0  set_variables
0      6   1    0    33  1.3  set_pins
0     81   8    1   662  4.6  md_set_state
0     13   1    1    39  1.8  md_set_direction
0    310  31    0  3002  3.2  md_init
0    257  25    8  2345  8.9  motion_cycle
0      9   1    0             @goto10732
0     32   3    1   116  1.3  MAIN
 Inline         0             @cinit1

Program metrics:
    Functions               8
    Statements              220
    Comments                212
    Volume (V)              8294
    Difficulty (D)          25.9
    Effort to implement (E) 214594
    Time to implement (T)   3 hours, 19 minutes
    Est Delivered Bugs (B)  1
    Cyclomatic Complexity   25
    Maintainability (MI)    130

 Segment     Used  Free
-----------  ----  ----
00000-00002     3  0  
00003-007FF  1005  1040  



