
ROM used:   1323/2048 (65%)
            1323/2048 (65%) including unused fragments

            1.1 Average locations per line
            6.5 Average locations per statement

RAM used:   7/335 (2%) at main() level
            33/335 (10%) worst case

Stack used: 2 worst case (2 in main + 0 for interrupts)
Stack size: 16

Lines Stmts  %   Files
----- ----- ---  -----
  418   204 100  SMD V1.0.c
  825     0   0  C:\Program Files (x86)\PICC\Devices\16f1826.h
----- -----
 1243   204 Total

Page ROM  %  RAM   Vol Diff  Functions:
---- --- --- ---   --- ----  ----------
0     21   2    1             @delay_ms1
0     18   1    1             @delay_us1
0    579  44    0             @const639
0     13   1    0   174  1.8  set_SPI
0     15   1    0    48  1.1  set_variables
0      6   0    0    33  1.3  set_pins
0      8   1    0    50  1.5  set_pullups
0     13   1    1    35  1.4  md_set_state
0     14   1    1    52  1.9  md_set_direction
0    315  24    0  3038  3.2  md_init
0    260  20    8  2363  9.4  motion_cycle
0      9   1    0             @goto10719
0     49   4    1   223  1.4  MAIN
 Inline         0             @cinit1

Program metrics:
    Functions               9
    Statements              204
    Comments                213
    Volume (V)              7733
    Difficulty (D)          25.5
    Effort to implement (E) 197458
    Time to implement (T)   3 hours, 3 minutes
    Est Delivered Bugs (B)  1
    Cyclomatic Complexity   23
    Maintainability (MI)    132

 Segment     Used  Free
-----------  ----  ----
00000-00002     3  0  
00003-007FF  1320  725  



