
ROM used: 19762 (20%)
          19762 (20%) including unused fragments

          4 Average locations per line
          10 Average locations per statement

RAM used: 209 (3%) at main() level
          447 (5%) worst case

Stack used: 9 worst case (out of 31 total available)

Lines Stmts  %   Files
----- ----- ---  -----
 2203  1126  56  Control_Card_v2.0.c
  414     0   0  C:\Program Files (x86)\PICC\devices\30f6015.h
 2172   898  44  C:\Program Files (x86)\PICC\drivers\math.h
----- -----
 4789  2024 Total

Page ROM  %  RAM   Vol Diff  Functions:
---- --- --- ---   --- ----  ----------
0     44   0   4             @SFTOI
0     58   0   2             @ITOF
0    202   1   8             @DIVFF
0    416   1   8             @ADDFF
0    196   0   8             @MULFF
0     16   0   2             @delay_ms1
0     14   0   2             @delay_us1
0    154   0   0             @const572
0     10   0   0    32  1.0  dp_init
0     64   0   2   414  4.5  dp_up
0     58   0   2   361  4.5  dp_down
0    804   2  19  2140  8.1  dp_set
0     40   0   0             @const593
0    182   0   0             @PRINTFU16_38400_5893_5892
0     36   0   0             @const597
0     40   0   0             @const598
0     36   0   0             @const599
0     42   0   0             @const600
0     32   0   0             @const601
0     40   0   0             @const603
0     42   0   0             @const605
0     26   0   0             @const606
0     36   0   0             @const607
0     48   0   8             @MUL3232
0     84   0   8             @DIV3232A
0    112   0   9   171  4.5  md_mt_get
0     42   0   0             @const619
0    110   0   7   274  5.0  md_mt_set
0     36   0   0             @const622
0     42   0   0   172  1.4  md_init
0     18   0   0    67  1.2  fr_init
0    226   1  11  2091  5.9  fr_write_byte
0    132   0   8  1080  6.2  fr_read_byte
0     44   0   9   243  5.3  fr_write
0     50   0  11   204  4.2  fr_read
0    122   0   5   355  6.3  data_get_serial_no
0     28   0   0             @const654
0     80   0   2   104  3.0  data_get_move_range
0     40   0   0             @const658
0     80   0   2   104  3.0  data_get_home_pos
0     44   0   0             @const661
0     80   0   2   104  3.0  data_get_end_pos
0     42   0   0             @const664
0     98   0   2   191  4.3  data_get_conv_const
0     44   0   0             @const667
0     80   0   2   104  3.0  data_get_backlash
0     38   0   0             @const670
0    124   0   1   265  5.2  data_get_comm_type
0     52   0   0             @const673
0     50   0   0             @const674
0     48   0   0             @const675
0     80   0   2   104  3.0  data_get_last_pos
0     40   0   0             @const678
0    130   0   6   159  4.0  data_get_pos
0     46   0   0             @const682
0    100   0   3   459  6.8  data_get_pos_table
0     80   0   0   216  2.1  data_get_sys_data
0     52   0   0             @const689
0    802   2   2  1930  2.4  data_get_reset_state
0     56   0   0             @const692
0     40   0   0             @const695
0     26   0   0             @const697
0     26   0   0             @const700
0     26   0   0             @const703
0     26   0   0             @const706
0     26   0   0             @const709
0     26   0   0             @const712
0     26   0   0             @const715
0     26   0   0             @const718
0     26   0   0             @const721
0     26   0   0             @const724
0     26   0   0             @const727
0     54   0   0             @const730
0    100   0  18   317  5.7  data_set_serial_no
0    216   1  13   851  8.1  data_set_move_range
0     96   0   0             @const739
0     98   0   0             @const740
0    150   0  13   607  7.1  data_set_home_pos
0     90   0   0             @const745
0    170   0  15   685  6.6  data_set_end_pos
0    102   0   0             @const750
0    298   1   5   494  4.0  data_set_conv_const
0     36   0   0             @const754
0     34   0   0             @const755
0     50   0   0             @const756
0    100   0   9   424  6.3  data_set_backlash
0     94   0   3   359  5.8  data_set_comm_type
0     14   0   2    38  1.7  data_set_last_pos
0     28   0   6    79  2.8  data_set_pos
0     78   0   0   606  2.8  qei_init
0     50   0   0             @const769
0     68   0   2    83  2.5  qei_set_count
0     52   0   0             @const772
0     68   0   2    83  2.5  qei_set_max_count
0     62   0   0             @const775
0      6   0   0    13  1.0  qei_get_count
0     24   0   2   156  3.1  pwm_select_mode
0     64   0   0   359  2.7  pwm_init
0     42   0   0             @const779
0     74   0   9   319  5.5  pwm_set_period
0     46   0   0   144  3.3  pwm_disable
0     32   0   0             @const784
0    578   1   3  3236  9.9  pwm_enable
0    464   1  11  1311  8.3  move_to
0     66   0   8             @MULS3232
0    138   0   8             @DIVS3232A
0     36   0   0             @const799
0     42   0   0             @const800
0     42   0   0             @const801
0     42   0   0             @const802
0    682   2  15  1098  6.7  move_pos
0    114   0   0             @const803
0    110   0   0             @const804
0     44   0   0             @const805
0     36   0   0             @const807
0    250   1   0             @PRINTFD16_38400_5893_5892
0     44   0   0             @const811
0     44   0   0             @const812
0     44   0   0             @const813
0     28   0   0             @const815
0     66   0   0   221  2.6  move_home
0     28   0   0             @const817
0    158   0   3   378  3.6  move_init
0     46   0   0             @const819
0     70   0   5   382  5.8  pp_str_low_check
0     70   0   5   382  5.8  pp_str_high_check
0     10   0   0    21  1.0  pp_str_check
0    476   1  24  3300  9.7  pp_get_byte
0    490   1  24  3426  9.8  pp_get_BCD_byte
0    246   1   3   803  3.6  pp_set_pos
0     58   0   0             @const879
0    110   0   4   156  2.8  pp_move_pos
0     60   0   0             @const884
0    256   1   0   816  4.7  pp_get_command
0     42   0   0             @const887
0     34   0   0             @const888
0     36   0   0             @const889
0     36   0   0             @const890
0     40   0   0             @const891
0   2906   7   5 12812 11.8  rs232_message
0     34   0   0             @const894
0     40   0   0             @const895
0     40   0   0             @const896
0     44   0   0             @const897
0     40   0   0             @const898
0     46   0   0             @const899
0     38   0   0             @const900
0     46   0   0             @const901
0     40   0   0             @const902
0     42   0   0             @const903
0     40   0   0             @const904
0     40   0   0             @const905
0     42   0   0             @const906
0     44   0   0             @const907
0     40   0   0             @const908
0     42   0   0             @const909
0     42   0   0             @const910
0     38   0   0             @const911
0     54   0   0             @const913
0     48   0   0             @const915
0     58   0   0             @const917
0     56   0   0             @const919
0     52   0   0             @const921
0     38   0   0             @const923
0     64   0   0             @const925
0     48   0   0             @const927
0     40   0   0             @const928
0     44   0   0             @const933
0     28   0   0             @const938
0     42   0   0             @const939
0     32   0   0             @const943
0     34   0   0             @const944
0     36   0   0             @const958
0     54   0   0             @const959
0     54   0   0             @const960
0     54   0   0             @const961
0     54   0   0             @const962
0     54   0   0             @const963
0     54   0   0             @const964
0     54   0   0             @const965
0     34   0   0             @const966
0     32   0   0             @const971
0     38   0   0             @const973
0     60   0   0             @const974
0     54   0   0             @const978
0     30   0   0    18  1.0  isr_rs232_message
0    572   1   2  1895  8.8  MAIN
0     56   0   0             @const986
0     62   0   0             @const987
0     46   0   0             @const988

Program metrics:
    Functions               57
    Statements              2024
    Comments                706
    Volume (V)              80174
    Difficilty (D)          265.9
    Effort to implement (E) 21318999
    Time to implement (T)   329 hours, 0 minutes
    Est Delivered Bugs (B)  26
    Cyclomatic Complexity   212
    Maintainability (MI)    38

 Segment     Used  Free
-----------  ----  ----
00000-00002     4  0  
00004-000FE   252  0  
00100-0FFFE  19506  45774  
10000-17FFE     0  32768  



