
ROM used:   1174/2048 (57%)
            1174/2048 (57%) including unused fragments

            0.9 Average locations per line
            4.7 Average locations per statement

RAM used:   6/335 (2%) at main() level
            38/335 (11%) worst case

Stack used: 2 worst case (2 in main + 0 for interrupts)
Stack size: 16

Lines Stmts  %   Files
----- ----- ---  -----
  461   248 100  SMD V1.1(20 mikon).c
  832     0   0  C:\Program Files (x86)\PICC\devices\16f1826.h
----- -----
 1293   248 Total

Page ROM  %  RAM    Vol Diff  Functions:
---- --- --- ---    --- ----  ----------
0     22   2    1             @delay_ms1
0     16   1    1             @delay_us1
0    235  20    0             @const636
0     13   1    0    174  1.8  set_SPI
0     11   1    0     32  1.0  set_variables
0      6   1    0     33  1.3  set_pins
0     81   7    1    662  4.6  md_set_state
0     13   1    1     39  1.8  md_set_direction
0    310  26    0   3002  3.2  md_init
0    423  36   12   3405  9.9  motion_cycle
0      9   1    0             @goto10770
0     32   3    1    116  1.3  MAIN
 Inline         0             @cinit1

Program metrics:
    Functions               8
    Statements              248
    Comments                226
    Volume (V)              9519
    Difficulty (D)          26.9
    Effort to implement (E) 255898
    Time to implement (T)   3 hours, 57 minutes
    Est Delivered Bugs (B)  1
    Cyclomatic Complexity   31
    Maintainability (MI)    124

 Segment     Used  Free
-----------  ----  ----
00000-00002     3  0  
00003-007FF  1171  874  



