
ROM used: 653 (32%)
          653 (32%) including unused fragments

          1 Average locations per line
          3 Average locations per statement

RAM used: 6 (2%) at main() level
          33 (10%) worst case

Stack used: 2 worst case (out of 16 total available)

Lines Stmts  %   Files
----- ----- ---  -----
  414   204 100  (Yüksek Hýz)With Enable V1.1.c
  474     0   0  C:\Program Files (x86)\PICC\devices\16f1826.h
----- -----
  888   204 Total

Page ROM  %  RAM   Vol Diff  Functions:
---- --- --- ---   --- ----  ----------
0     21   3   1             @delay_ms1
0      6   1   0    33  1.3  set_pins
0     13   2   0   174  1.8  set_SPI
0     23   4   0    86  1.3  set_variables
0    336  51   0  3304  3.2  set_driver
0    207  32   1  1603  5.0  motion_cycle
0     44   7   1   138  1.3  MAIN

Program metrics:
    Functions               6
    Statements              204
    Comments                201
    Volume (V)              6612
    Difficilty (D)          15.2
    Effort to implement (E) 100636
    Time to implement (T)   1 hours, 33 minutes
    Est Delivered Bugs (B)  1
    Cyclomatic Complexity   5
    Maintainability (MI)    99

 Segment     Used  Free
-----------  ----  ----
00000-00002     3  0  
00003-007FF   650  1395  



