CCS PCM C Compiler, Version 4.108, 15145               16-Haz-14 15:33

               Filename: E:\File Server\Modesis\Proje Dosyalarý\SMD - Adým Motor Sürücü\Software\Divizör Kod\SMD V1.1\(Yüksek Hýz)With Enable V1.1\(Yüksek Hýz)With Enable V1.1.lst

               ROM used: 653 words (32%)
                         Largest free fragment is 1395
               RAM used: 6 (2%) at main() level
                         33 (10%) worst case
               Stack:    2 locations

*
0000:  MOVLP  00
0001:  GOTO   261
0002:  NOP
.................... #INCLUDE <16f1826.h>  
.................... //////// Standard Header file for the PIC16F1826 device //////////////// 
.................... #device PIC16F1826 
.................... #list 
....................  
....................  
.................... #FUSES INTRC_IO      // Internal RC clock (OSC1 and OSC2 pins are normal I/O) 
.................... #FUSES NOWDT         // Watch Dog Timer disabled 
.................... #FUSES PUT           // Power Up Timer enabled 
.................... #FUSES NOMCLR        // Master Clear pin is used for I/O 
.................... #FUSES PROTECT       // Code protected from reads 
.................... #FUSES CPD           // Data EEPROM code protected 
.................... #FUSES BROWNOUT      // Brownout Reset enabled 
.................... #FUSES BORV25        // Brownout Reset at 2.5V 
.................... #FUSES NOCLKOUT      // Disable clock output on OSC2 
.................... #FUSES NOIESO        // Internal External Switch Over Mode disabled 
.................... #FUSES NOFCMEN       // Fail-safe clock monitor disabled 
.................... #FUSES WRT           // Program memory write protected                                               
.................... #FUSES NOLVP         // Low Voltage Programming disabled 
....................  
.................... #USE   DELAY(internal = 32MHz) 
*
0016:  MOVLW  20
0017:  MOVWF  05
0018:  MOVLW  11
0019:  MOVWF  04
001A:  MOVF   00,W
001B:  BTFSC  03.2
001C:  GOTO   02A
001D:  MOVLW  0A
001E:  MOVWF  78
001F:  CLRF   77
0020:  DECFSZ 77,F
0021:  GOTO   020
0022:  DECFSZ 78,F
0023:  GOTO   01F
0024:  MOVLW  5F
0025:  MOVWF  77
0026:  DECFSZ 77,F
0027:  GOTO   026
0028:  DECFSZ 00,F
0029:  GOTO   01D
002A:  RETURN
.................... //#USE   RS232(stream=RS232, baud=38400, XMIT=PIN_B5, RCV=PIN_B2, parity=N, bits=8, stop=1) 
....................  
.................... #DEFINE DRV_STEP     PIN_A0                  // Step output pin to driver (Rising edge causes the indexer to move one step) 
.................... #DEFINE DRV_RESET    PIN_A1                  // Reset output pin to driver (Active-high reset input initializes all internal logic and disables the Hbridge outputs. Internal pulldown.) 
.................... #DEFINE USER_FAULT   PIN_A2                  // Fault output pin to user 
.................... #DEFINE USER_DIR     PIN_A3                  // Direction input pin from user 
.................... #DEFINE DRV_DIR      PIN_A4                  // Direction output pin to driver (Logic level, sets the direction of stepping) 
....................  
.................... #DEFINE SPI_SDO      PIN_A6                  // SPI data output pin 
.................... #DEFINE SPI_CS       PIN_A7                  // SPI chip select pin 
....................  
.................... #DEFINE USER_STEP    PIN_B0                  // Step input pin from user 
.................... #DEFINE SPI_SDI      PIN_B1                  // SPI data input pin 
....................  
.................... #DEFINE USER_ENABLE  PIN_B3                  // Enable input pin from user 
.................... #DEFINE SPI_SCK      PIN_B4                  // SPI clock output pin 
....................  
.................... #DEFINE DRV_STALL    PIN_B6                  // Stall input pin from driver (Internal stall detect mode: logic low when motor stall detected. Pull up mevcut) 
.................... #DEFINE DRV_FAULT    PIN_B7                  // Fault input pin from driver (Logic low when in fault condition. Pull up mevcut) 
....................  
....................  
.................... // Interrupt On Change Registers 
.................... #WORD IOC_INTCON     =0x00B 
.................... #WORD IOC_IOCBP      =0x394 
.................... #WORD IOC_IOCBN      =0x395 
.................... #WORD IOC_IOCBF      =0x396 
.................... #WORD ANSELB         =0x18d 
....................  
.................... //Bits of IOC_INTCON register 
.................... #BIT IOC_GIE           = IOC_INTCON.7        //General interrupt enable bit 
.................... #BIT IOC_PEIE          = IOC_INTCON.6        //Peripheral interrupt enable bit 
.................... #BIT IOC_IOCIE         = IOC_INTCON.3        //Interrupt on change enable bit 
....................  
.................... //Bits of IOC_IOCBP register 
.................... #BIT IOC_PINB3_RISING            = IOC_IOCBP.3        //Pin B3 interrupt on change enable bit(Rising Edge) 
....................  
.................... //Bits of IOC_IOCBN register 
.................... #BIT IOC_PINB3_FALLING           = IOC_IOCBN.3        //Pin B3 interrupt on change enable bit(Falling Edge) 
....................  
.................... //Bits of IOC_IOCBF register 
.................... #BIT IOC_PINB3_FLAG              = IOC_IOCBF.3        //Pin B3 interrupt on change interrupt flag bit(Both Rising and Falling Edges) 
.................... //Bits of ANSELB register 
....................  
.................... #BIT ANSELB_PINB3                = ANSELB.3           //Selection of Pin B3 as a Digial I/O (0) or an Analog input (1) selection bit 
....................  
.................... // SPI Registers 
.................... #WORD SPI_SSP1CON1   = 0x215                 // Synchronous serial port control register 
.................... #WORD SPI_SSP1STAT   = 0x214                 // Synchronous serial port status register 
.................... #WORD SPI_SSP1BUF    = 0x211                 // Synchronous serial port buffer register 
.................... #WORD SPI_PIR1       = 0x011                 // Peripheral interrupt request register 
.................... // Pin function control registers 
.................... #WORD PIN_APFCON0    = 0x11D                 // Alternate pin function control register 0 
.................... #WORD PIN_APFCON1    = 0x11E                 // Alternate pin function control register 1 
....................  
.................... // Bits of SSP1CON1 register 
.................... #BIT SPI_WRITE_FLAG     = SPI_SSP1CON1.7     // Synchronous serial port write collision detect bit 
.................... #BIT SPI_ENABLE         = SPI_SSP1CON1.5     // Synchronous serial port enable bit 
.................... #BIT SPI_CLOCK_POLARITY = SPI_SSP1CON1.4     // Synchronous serial port clock polarity select bit 
.................... #BIT SPI_MODE_3         = SPI_SSP1CON1.3     // Synchronous serial port mode select bits 
.................... #BIT SPI_MODE_2         = SPI_SSP1CON1.2    
.................... #BIT SPI_MODE_1         = SPI_SSP1CON1.1    
.................... #BIT SPI_MODE_0         = SPI_SSP1CON1.0   
....................  
.................... // Bits of SPI_SSP1STAT register 
.................... #BIT SPI_INPUT_SAMPLE   = SPI_SSP1STAT.7     // Synchronous serial port data input sample bit 
.................... #BIT SPI_CLOCK_EDGE     = SPI_SSP1STAT.6     // Synchronous serial port clock edge select bit 
.................... #BIT SPI_BUFFER_STATUS  = SPI_SSP1STAT.0     // Synchronous serial port buffer full status bit 
....................  
.................... // Bits of SPI_PIR1 register 
.................... #BIT SPI_FLAG           = SPI_PIR1.3         // Synchronous serial port interrupt flag bit 
....................  
.................... // Bits of PIN_APFCON0 register 
.................... #BIT PIN_RX_SELECT      = PIN_APFCON0.7      // RX pin selection bit 
.................... #BIT PIN_SDO_SELECT     = PIN_APFCON0.6      // SDO pin selection bit  
.................... #BIT PIN_SS_SELECT      = PIN_APFCON0.5      // SS pin selection bit  
....................  
.................... // Bits of PIN_APFCON1 register 
.................... #BIT PIN_TX_SELECT      = PIN_APFCON1.0      // TX pin selection bit 
....................  
.................... int1  dir   = 0; 
.................... int1  step  = 0; 
.................... int1 enable_state = 0; 
....................  
.................... /* 
.................... // Sets interrupt on change bits 
.................... void set_IOC(){ 
....................    IOC_GIE           = 1;                  //General interrupt enable bit 
....................    IOC_PEIE          = 1;                  //Peripheral interrupt enable bit 
....................    IOC_IOCIE         = 1;                  //Interrupt on change enable bit 
....................    IOC_PINB3_RISING  = 1; 
....................    IOC_PINB3_FALLING = 1;  
....................    IOC_PINB3_FLAG    = 0; 
....................    ANSELB_PINB3      = 0; 
....................     
.................... } 
.................... */ 
....................  
....................  
....................  
.................... // Sets alternative pin functions 
.................... void set_pins() 
.................... { 
....................    // Set RB2 as RX pin 
....................    //PIN_RX_SELECT = 1; 
....................    // Set RA6 as SDO pin 
....................    PIN_SDO_SELECT = 1; 
*
0003:  MOVLB  02
0004:  BSF    1D.6
....................    // Set RA5 as SS pin 
....................    PIN_SS_SELECT = 1; 
0005:  BSF    1D.5
....................    // Set RB5 as TX pin 
....................    //PIN_TX_SELECT = 1; 
.................... } 
0006:  MOVLP  00
0007:  MOVLB  00
0008:  GOTO   27C (RETURN)
.................... // Sets SPI parameters 
.................... void set_SPI() 
.................... { 
....................    // Disable SPI to set registers 
....................    SPI_ENABLE = 0; 
0009:  MOVLB  04
000A:  BCF    15.5
....................    // Set idle state of the clock to low  
....................    SPI_CLOCK_POLARITY = 0; 
000B:  BCF    15.4
....................    // Set SPI mode to SPI  
....................    SPI_MODE_3 = 0;  
000C:  BCF    15.3
....................    SPI_MODE_2 = 0; 
000D:  BCF    15.2
....................    SPI_MODE_1 = 1; 
000E:  BSF    15.1
....................    SPI_MODE_0 = 0; 
000F:  BCF    15.0
....................    // Input data sampled at the middle of data output time 
....................    SPI_INPUT_SAMPLE = 0; 
0010:  BCF    14.7
....................    // Transmit occurs on transition from active to idle clock state 
....................    SPI_CLOCK_EDGE = 1; 
0011:  BSF    14.6
....................  
....................    // Enable SPI 
....................    SPI_ENABLE = 1; 
0012:  BSF    15.5
.................... } 
0013:  MOVLP  00
0014:  MOVLB  00
0015:  GOTO   27D (RETURN)
.................... // Sets variables to default values  
.................... void set_variables() 
.................... { 
....................    output_low(SPI_CS);     // Chip select is active high so keep it low to prevent out-of-sync transaction 
*
002B:  MOVLB  01
002C:  BCF    0C.7
002D:  MOVLB  02
002E:  BCF    0C.7
....................    output_low(USER_FAULT); // Clear fault status  
002F:  MOVLB  01
0030:  BCF    0C.2
0031:  MOVLB  02
0032:  BCF    0C.2
....................    output_low(DRV_RESET);  // Reset is active high so keep reset pin low to activate driver  
0033:  MOVLB  01
0034:  BCF    0C.1
0035:  MOVLB  02
0036:  BCF    0C.1
....................    output_low(DRV_DIR);    // Set default direction 
0037:  MOVLB  01
0038:  BCF    0C.4
0039:  MOVLB  02
003A:  BCF    0C.4
....................    output_low(DRV_STEP);   // Keep step output low until a step command is received from the user 
003B:  MOVLB  01
003C:  BCF    0C.0
003D:  MOVLB  02
003E:  BCF    0C.0
.................... } 
003F:  MOVLP  00
0040:  MOVLB  00
0041:  GOTO   28A (RETURN)
.................... // Sets driver parameters to default values 
.................... void set_driver() 
.................... { 
....................    // Driver control register sets these parameters 
....................    // data operation type                       (bit 15)    1=read,  
....................    //                                                       0=write 
....................    // register adress                           (bit 14-12) 000=CTRL reg 
....................    // DTIME (dead time between MOSFET switching)(bit 11-10) 00=400ns,  
....................    //                                                       01=450ns,  
....................    //                                                       10=650ns,  
....................    //                                                       11=850ns 
....................    // ISGain (current amplifier gain)           (bit 9-8)   00=Gain of 5,  
....................    //                                                       01=Gain of 10,  
....................    //                                                       10=Gain of 20,  
....................    //                                                       11=Gain of 40 
....................    // EXSTALL (source of stall detection)       (bit 7)     0=Internal 
....................    //                                                       1=External 
....................    // MODE (microstepping mode)                 (bit 6-3)   0000=Full-step, 71% current 
....................    //                                                       0001=Half step 
....................    //                                                       0010=1/4 step 
....................    //                                                       0011=1/8 step 
....................    //                                                       0100=1/16 step 
....................    //                                                       0101=1/32 step 
....................    //                                                       0110=1/64 step 
....................    //                                                       0111=1/128 step 
....................    //                                                       1000=1/256 step 
....................    // RSTEP (single step output)                (bit 2)     0=No action 
....................    //                                                       1=Indexer will advance one step; automatically cleared after write 
....................    // direction                                 (bit 1)     0=Direction set by DIR pin 
....................    //                                                       1=Direction set by inverse of DIR pin 
....................    // enable                                    (bit 0)     0=Disable motor 
....................    //                                                       1=Enable motor 
....................    //   
....................    //                 76543210 
....................     
....................    output_high(SPI_CS); 
0042:  MOVLB  01
0043:  BCF    0C.7
0044:  MOVLB  02
0045:  BSF    0C.7
....................    int Ctrl_1     = 0b00000011; 
....................    int Ctrl_0     = 0b00110000; 
0046:  MOVLW  03
0047:  MOVLB  00
0048:  MOVWF  21
0049:  MOVLW  30
004A:  MOVWF  22
....................    SPI_SSP1BUF = Ctrl_1; 
004B:  MOVLB  04
004C:  CLRF   12
004D:  MOVLB  00
004E:  MOVF   21,W
004F:  MOVLB  04
0050:  MOVWF  11
....................    while (!SPI_FLAG); 
0051:  MOVLB  00
0052:  BTFSS  11.3
0053:  GOTO   052
....................    SPI_FLAG = 0; 
0054:  BCF    11.3
....................    SPI_SSP1BUF = Ctrl_0; 
0055:  MOVLB  04
0056:  CLRF   12
0057:  MOVLB  00
0058:  MOVF   22,W
0059:  MOVLB  04
005A:  MOVWF  11
....................    while (!SPI_FLAG); 
005B:  MOVLB  00
005C:  BTFSS  11.3
005D:  GOTO   05C
....................    SPI_FLAG = 0; 
005E:  BCF    11.3
....................    output_low(SPI_CS); 
005F:  MOVLB  01
0060:  BCF    0C.7
0061:  MOVLB  02
0062:  BCF    0C.7
....................    delay_ms(10); 
0063:  MOVLW  0A
0064:  MOVLB  00
0065:  MOVWF  31
0066:  CALL   016
....................  
....................    output_high(SPI_CS); 
0067:  MOVLB  01
0068:  BCF    0C.7
0069:  MOVLB  02
006A:  BSF    0C.7
....................    int Torque_1   = 0b00010000; 
....................    int Torque_0   = 0b11001000; 
006B:  MOVLW  10
006C:  MOVLB  00
006D:  MOVWF  23
006E:  MOVLW  C8
006F:  MOVWF  24
....................    SPI_SSP1BUF = Torque_1; 
0070:  MOVLB  04
0071:  CLRF   12
0072:  MOVLB  00
0073:  MOVF   23,W
0074:  MOVLB  04
0075:  MOVWF  11
....................    while (!SPI_FLAG); 
0076:  MOVLB  00
0077:  BTFSS  11.3
0078:  GOTO   077
....................    SPI_FLAG = 0; 
0079:  BCF    11.3
....................    SPI_SSP1BUF = Torque_0; 
007A:  MOVLB  04
007B:  CLRF   12
007C:  MOVLB  00
007D:  MOVF   24,W
007E:  MOVLB  04
007F:  MOVWF  11
....................    while (!SPI_FLAG); 
0080:  MOVLB  00
0081:  BTFSS  11.3
0082:  GOTO   081
....................    SPI_FLAG = 0; 
0083:  BCF    11.3
....................    output_low(SPI_CS); 
0084:  MOVLB  01
0085:  BCF    0C.7
0086:  MOVLB  02
0087:  BCF    0C.7
....................    delay_ms(10); 
0088:  MOVLW  0A
0089:  MOVLB  00
008A:  MOVWF  31
008B:  CALL   016
....................     
....................    output_high(SPI_CS); 
008C:  MOVLB  01
008D:  BCF    0C.7
008E:  MOVLB  02
008F:  BSF    0C.7
....................    int Off_1      = 0b00100000; 
....................    int Off_0      = 0b00001100; 
0090:  MOVLW  20
0091:  MOVLB  00
0092:  MOVWF  25
0093:  MOVLW  0C
0094:  MOVWF  26
....................    SPI_SSP1BUF = Off_1; 
0095:  MOVLB  04
0096:  CLRF   12
0097:  MOVLB  00
0098:  MOVF   25,W
0099:  MOVLB  04
009A:  MOVWF  11
....................    while (!SPI_FLAG); 
009B:  MOVLB  00
009C:  BTFSS  11.3
009D:  GOTO   09C
....................    SPI_FLAG = 0; 
009E:  BCF    11.3
....................    SPI_SSP1BUF = Off_0; 
009F:  MOVLB  04
00A0:  CLRF   12
00A1:  MOVLB  00
00A2:  MOVF   26,W
00A3:  MOVLB  04
00A4:  MOVWF  11
....................    while (!SPI_FLAG); 
00A5:  MOVLB  00
00A6:  BTFSS  11.3
00A7:  GOTO   0A6
....................    SPI_FLAG = 0; 
00A8:  BCF    11.3
....................    output_low(SPI_CS); 
00A9:  MOVLB  01
00AA:  BCF    0C.7
00AB:  MOVLB  02
00AC:  BCF    0C.7
....................    delay_ms(10); 
00AD:  MOVLW  0A
00AE:  MOVLB  00
00AF:  MOVWF  31
00B0:  CALL   016
....................     
....................    output_high(SPI_CS); 
00B1:  MOVLB  01
00B2:  BCF    0C.7
00B3:  MOVLB  02
00B4:  BSF    0C.7
....................    int Blank_1    = 0b00110001; 
....................    int Blank_0    = 0b10010001; 
00B5:  MOVLW  31
00B6:  MOVLB  00
00B7:  MOVWF  27
00B8:  MOVLW  91
00B9:  MOVWF  28
....................    SPI_SSP1BUF = Blank_1; 
00BA:  MOVLB  04
00BB:  CLRF   12
00BC:  MOVLB  00
00BD:  MOVF   27,W
00BE:  MOVLB  04
00BF:  MOVWF  11
....................    while (!SPI_FLAG); 
00C0:  MOVLB  00
00C1:  BTFSS  11.3
00C2:  GOTO   0C1
....................    SPI_FLAG = 0; 
00C3:  BCF    11.3
....................    SPI_SSP1BUF = Blank_0; 
00C4:  MOVLB  04
00C5:  CLRF   12
00C6:  MOVLB  00
00C7:  MOVF   28,W
00C8:  MOVLB  04
00C9:  MOVWF  11
....................    while (!SPI_FLAG); 
00CA:  MOVLB  00
00CB:  BTFSS  11.3
00CC:  GOTO   0CB
....................    SPI_FLAG = 0; 
00CD:  BCF    11.3
....................    output_low(SPI_CS); 
00CE:  MOVLB  01
00CF:  BCF    0C.7
00D0:  MOVLB  02
00D1:  BCF    0C.7
....................    delay_ms(10); 
00D2:  MOVLW  0A
00D3:  MOVLB  00
00D4:  MOVWF  31
00D5:  CALL   016
....................     
....................    output_high(SPI_CS); 
00D6:  MOVLB  01
00D7:  BCF    0C.7
00D8:  MOVLB  02
00D9:  BSF    0C.7
....................    int Decay_1    = 0b01000101; 
....................    int Decay_0    = 0b00101001; 
00DA:  MOVLW  45
00DB:  MOVLB  00
00DC:  MOVWF  29
00DD:  MOVLW  29
00DE:  MOVWF  2A
....................    SPI_SSP1BUF = Decay_1; 
00DF:  MOVLB  04
00E0:  CLRF   12
00E1:  MOVLB  00
00E2:  MOVF   29,W
00E3:  MOVLB  04
00E4:  MOVWF  11
....................    while (!SPI_FLAG); 
00E5:  MOVLB  00
00E6:  BTFSS  11.3
00E7:  GOTO   0E6
....................    SPI_FLAG = 0; 
00E8:  BCF    11.3
....................    SPI_SSP1BUF = Decay_0; 
00E9:  MOVLB  04
00EA:  CLRF   12
00EB:  MOVLB  00
00EC:  MOVF   2A,W
00ED:  MOVLB  04
00EE:  MOVWF  11
....................    while (!SPI_FLAG); 
00EF:  MOVLB  00
00F0:  BTFSS  11.3
00F1:  GOTO   0F0
....................    SPI_FLAG = 0; 
00F2:  BCF    11.3
....................    output_low(SPI_CS); 
00F3:  MOVLB  01
00F4:  BCF    0C.7
00F5:  MOVLB  02
00F6:  BCF    0C.7
....................    delay_ms(10); 
00F7:  MOVLW  0A
00F8:  MOVLB  00
00F9:  MOVWF  31
00FA:  CALL   016
....................     
....................    output_high(SPI_CS); 
00FB:  MOVLB  01
00FC:  BCF    0C.7
00FD:  MOVLB  02
00FE:  BSF    0C.7
....................    int Stall_1    = 0b01011001; 
....................    int Stall_0    = 0b00010100; 
00FF:  MOVLW  59
0100:  MOVLB  00
0101:  MOVWF  2B
0102:  MOVLW  14
0103:  MOVWF  2C
....................    SPI_SSP1BUF = Stall_1; 
0104:  MOVLB  04
0105:  CLRF   12
0106:  MOVLB  00
0107:  MOVF   2B,W
0108:  MOVLB  04
0109:  MOVWF  11
....................    while (!SPI_FLAG); 
010A:  MOVLB  00
010B:  BTFSS  11.3
010C:  GOTO   10B
....................    SPI_FLAG = 0; 
010D:  BCF    11.3
....................    SPI_SSP1BUF = Stall_0; 
010E:  MOVLB  04
010F:  CLRF   12
0110:  MOVLB  00
0111:  MOVF   2C,W
0112:  MOVLB  04
0113:  MOVWF  11
....................    while (!SPI_FLAG); 
0114:  MOVLB  00
0115:  BTFSS  11.3
0116:  GOTO   115
....................    SPI_FLAG = 0; 
0117:  BCF    11.3
....................    output_low(SPI_CS); 
0118:  MOVLB  01
0119:  BCF    0C.7
011A:  MOVLB  02
011B:  BCF    0C.7
....................    delay_ms(10); 
011C:  MOVLW  0A
011D:  MOVLB  00
011E:  MOVWF  31
011F:  CALL   016
....................     
....................    output_high(SPI_CS); 
0120:  MOVLB  01
0121:  BCF    0C.7
0122:  MOVLB  02
0123:  BSF    0C.7
....................    int Drive_1    = 0b01101111; 
....................    int Drive_0    = 0b10100000; 
0124:  MOVLW  6F
0125:  MOVLB  00
0126:  MOVWF  2D
0127:  MOVLW  A0
0128:  MOVWF  2E
....................    SPI_SSP1BUF = Drive_1; 
0129:  MOVLB  04
012A:  CLRF   12
012B:  MOVLB  00
012C:  MOVF   2D,W
012D:  MOVLB  04
012E:  MOVWF  11
....................    while (!SPI_FLAG); 
012F:  MOVLB  00
0130:  BTFSS  11.3
0131:  GOTO   130
....................    SPI_FLAG = 0; 
0132:  BCF    11.3
....................    SPI_SSP1BUF = Drive_0; 
0133:  MOVLB  04
0134:  CLRF   12
0135:  MOVLB  00
0136:  MOVF   2E,W
0137:  MOVLB  04
0138:  MOVWF  11
....................    while (!SPI_FLAG); 
0139:  MOVLB  00
013A:  BTFSS  11.3
013B:  GOTO   13A
....................    SPI_FLAG = 0; 
013C:  BCF    11.3
....................    output_low(SPI_CS); 
013D:  MOVLB  01
013E:  BCF    0C.7
013F:  MOVLB  02
0140:  BCF    0C.7
....................    delay_ms(10); 
0141:  MOVLW  0A
0142:  MOVLB  00
0143:  MOVWF  31
0144:  CALL   016
....................     
....................    output_high(SPI_CS); 
0145:  MOVLB  01
0146:  BCF    0C.7
0147:  MOVLB  02
0148:  BSF    0C.7
....................    int Status_1   = 0b01110000; 
....................    int Status_0   = 0b00000000; 
0149:  MOVLW  70
014A:  MOVLB  00
014B:  MOVWF  2F
014C:  CLRF   30
....................    SPI_SSP1BUF = Status_1; 
014D:  MOVLB  04
014E:  CLRF   12
014F:  MOVLB  00
0150:  MOVF   2F,W
0151:  MOVLB  04
0152:  MOVWF  11
....................    while (!SPI_FLAG); 
0153:  MOVLB  00
0154:  BTFSS  11.3
0155:  GOTO   154
....................    SPI_FLAG = 0; 
0156:  BCF    11.3
....................    SPI_SSP1BUF = Status_0; 
0157:  MOVLB  04
0158:  CLRF   12
0159:  MOVLB  00
015A:  MOVF   30,W
015B:  MOVLB  04
015C:  MOVWF  11
....................    while (!SPI_FLAG); 
015D:  MOVLB  00
015E:  BTFSS  11.3
015F:  GOTO   15E
....................    SPI_FLAG = 0; 
0160:  BCF    11.3
....................    output_low(SPI_CS); 
0161:  MOVLB  01
0162:  BCF    0C.7
0163:  MOVLB  02
0164:  BCF    0C.7
....................    delay_ms(10); 
0165:  MOVLW  0A
0166:  MOVLB  00
0167:  MOVWF  31
0168:  CALL   016
....................     
....................    delay_ms(100); 
0169:  MOVLW  64
016A:  MOVWF  31
016B:  CALL   016
....................     
....................    output_high(SPI_CS); 
016C:  MOVLB  01
016D:  BCF    0C.7
016E:  MOVLB  02
016F:  BSF    0C.7
....................    Ctrl_1      = 0b00000000; 
0170:  MOVLB  00
0171:  CLRF   21
....................    Ctrl_0      = 0b00110000; 
0172:  MOVLW  30
0173:  MOVWF  22
....................    SPI_SSP1BUF = Ctrl_1; 
0174:  MOVLB  04
0175:  CLRF   12
0176:  MOVLB  00
0177:  MOVF   21,W
0178:  MOVLB  04
0179:  MOVWF  11
....................    while (!SPI_FLAG); 
017A:  MOVLB  00
017B:  BTFSS  11.3
017C:  GOTO   17B
....................    SPI_FLAG = 0; 
017D:  BCF    11.3
....................    SPI_SSP1BUF = Ctrl_0; 
017E:  MOVLB  04
017F:  CLRF   12
0180:  MOVLB  00
0181:  MOVF   22,W
0182:  MOVLB  04
0183:  MOVWF  11
....................    while (!SPI_FLAG); 
0184:  MOVLB  00
0185:  BTFSS  11.3
0186:  GOTO   185
....................    SPI_FLAG = 0; 
0187:  BCF    11.3
....................    output_low(SPI_CS); 
0188:  MOVLB  01
0189:  BCF    0C.7
018A:  MOVLB  02
018B:  BCF    0C.7
....................    delay_ms(10); 
018C:  MOVLW  0A
018D:  MOVLB  00
018E:  MOVWF  31
018F:  CALL   016
.................... } 
0190:  MOVLP  00
0191:  GOTO   28B (RETURN)
....................  
.................... void IOC_cycle () 
.................... { 
....................    if (IOC_PINB3_FLAG){ 
....................       if(enable_state){ 
....................       enable_state=0; 
....................       IOC_PINB3_FLAG=0; 
....................       } 
....................       if(!enable_state){ 
....................       enable_state=1; 
....................       IOC_PINB3_FLAG=0; 
....................       }    
....................    } 
.................... } 
....................  
....................  
....................  
.................... int1 check=1; 
.................... void motion_cycle() 
.................... { 
....................    step  = input(USER_STEP); 
0192:  MOVLB  01
0193:  BSF    0D.0
0194:  MOVLB  00
0195:  BCF    20.1
0196:  BTFSC  0D.0
0197:  BSF    20.1
....................    dir   = input(USER_DIR); 
0198:  MOVLB  01
0199:  BSF    0C.3
019A:  MOVLB  00
019B:  BCF    20.0
019C:  BTFSC  0C.3
019D:  BSF    20.0
....................    while(true) 
....................    { 
....................       if(input(USER_ENABLE)) 
019E:  MOVLB  01
019F:  BSF    0D.3
01A0:  MOVLB  00
01A1:  BTFSS  0D.3
01A2:  GOTO   232
....................       { 
....................          check=1; 
01A3:  BSF    20.3
....................          output_high(SPI_CS); 
01A4:  MOVLB  01
01A5:  BCF    0C.7
01A6:  MOVLB  02
01A7:  BSF    0C.7
....................          int Ctrl_1     = 0b00000011; 
....................          int Ctrl_0     = 0b00110001; 
01A8:  MOVLW  03
01A9:  MOVLB  00
01AA:  MOVWF  21
01AB:  MOVLW  31
01AC:  MOVWF  22
....................          SPI_SSP1BUF = Ctrl_1; 
01AD:  MOVLB  04
01AE:  CLRF   12
01AF:  MOVLB  00
01B0:  MOVF   21,W
01B1:  MOVLB  04
01B2:  MOVWF  11
....................          while (!SPI_FLAG); 
01B3:  MOVLB  00
01B4:  BTFSS  11.3
01B5:  GOTO   1B4
....................          SPI_FLAG = 0; 
01B6:  BCF    11.3
....................          SPI_SSP1BUF = Ctrl_0; 
01B7:  MOVLB  04
01B8:  CLRF   12
01B9:  MOVLB  00
01BA:  MOVF   22,W
01BB:  MOVLB  04
01BC:  MOVWF  11
....................          while (!SPI_FLAG); 
01BD:  MOVLB  00
01BE:  BTFSS  11.3
01BF:  GOTO   1BE
....................          SPI_FLAG = 0; 
01C0:  BCF    11.3
....................          output_low(SPI_CS); 
01C1:  MOVLB  01
01C2:  BCF    0C.7
01C3:  MOVLB  02
01C4:  BCF    0C.7
....................          delay_ms(10); 
01C5:  MOVLW  0A
01C6:  MOVLB  00
01C7:  MOVWF  31
01C8:  CALL   016
....................           
....................           
....................          output_high(SPI_CS); 
01C9:  MOVLB  01
01CA:  BCF    0C.7
01CB:  MOVLB  02
01CC:  BSF    0C.7
....................          Ctrl_1      = 0b00000000; 
01CD:  MOVLB  00
01CE:  CLRF   21
....................          Ctrl_0      = 0b00110001; 
01CF:  MOVLW  31
01D0:  MOVWF  22
....................          SPI_SSP1BUF = Ctrl_1; 
01D1:  MOVLB  04
01D2:  CLRF   12
01D3:  MOVLB  00
01D4:  MOVF   21,W
01D5:  MOVLB  04
01D6:  MOVWF  11
....................          while (!SPI_FLAG); 
01D7:  MOVLB  00
01D8:  BTFSS  11.3
01D9:  GOTO   1D8
....................          SPI_FLAG = 0; 
01DA:  BCF    11.3
....................          SPI_SSP1BUF = Ctrl_0; 
01DB:  MOVLB  04
01DC:  CLRF   12
01DD:  MOVLB  00
01DE:  MOVF   22,W
01DF:  MOVLB  04
01E0:  MOVWF  11
....................          while (!SPI_FLAG); 
01E1:  MOVLB  00
01E2:  BTFSS  11.3
01E3:  GOTO   1E2
....................          SPI_FLAG = 0; 
01E4:  BCF    11.3
....................          output_low(SPI_CS); 
01E5:  MOVLB  01
01E6:  BCF    0C.7
01E7:  MOVLB  02
01E8:  BCF    0C.7
....................          delay_ms(10); 
01E9:  MOVLW  0A
01EA:  MOVLB  00
01EB:  MOVWF  31
01EC:  CALL   016
....................           
....................          while(input(USER_ENABLE)){ 
01ED:  MOVLB  01
01EE:  BSF    0D.3
01EF:  MOVLB  00
01F0:  BTFSS  0D.3
01F1:  GOTO   231
....................        
....................             if(dir != input(USER_DIR)) 
01F2:  MOVLW  00
01F3:  BTFSC  20.0
01F4:  MOVLW  01
01F5:  MOVWF  25
01F6:  MOVLB  01
01F7:  BSF    0C.3
01F8:  MOVLW  00
01F9:  MOVLB  00
01FA:  BTFSC  0C.3
01FB:  MOVLW  01
01FC:  SUBWF  25,W
01FD:  BTFSC  03.2
01FE:  GOTO   211
....................             { 
....................                output_bit(DRV_DIR, input(USER_DIR)); 
01FF:  MOVLB  01
0200:  BSF    0C.3
0201:  MOVLB  00
0202:  BTFSC  0C.3
0203:  GOTO   208
0204:  MOVLB  02
0205:  BCF    0C.4
0206:  GOTO   20A
0207:  MOVLB  00
0208:  MOVLB  02
0209:  BSF    0C.4
020A:  MOVLB  01
020B:  BCF    0C.4
....................                dir = input(USER_DIR); 
020C:  BSF    0C.3
020D:  MOVLB  00
020E:  BCF    20.0
020F:  BTFSC  0C.3
0210:  BSF    20.0
....................             } 
....................             if(step != input(USER_STEP)) 
0211:  MOVLW  00
0212:  BTFSC  20.1
0213:  MOVLW  01
0214:  MOVWF  25
0215:  MOVLB  01
0216:  BSF    0D.0
0217:  MOVLW  00
0218:  MOVLB  00
0219:  BTFSC  0D.0
021A:  MOVLW  01
021B:  SUBWF  25,W
021C:  BTFSC  03.2
021D:  GOTO   230
....................             { 
....................                output_bit(DRV_STEP, input(USER_STEP)); 
021E:  MOVLB  01
021F:  BSF    0D.0
0220:  MOVLB  00
0221:  BTFSC  0D.0
0222:  GOTO   227
0223:  MOVLB  02
0224:  BCF    0C.0
0225:  GOTO   229
0226:  MOVLB  00
0227:  MOVLB  02
0228:  BSF    0C.0
0229:  MOVLB  01
022A:  BCF    0C.0
....................                step = input(USER_STEP); 
022B:  BSF    0D.0
022C:  MOVLB  00
022D:  BCF    20.1
022E:  BTFSC  0D.0
022F:  BSF    20.1
....................             } 
....................          } 
0230:  GOTO   1ED
....................       } 
....................       else if(!input(USER_ENABLE)) 
0231:  GOTO   25E
0232:  MOVLB  01
0233:  BSF    0D.3
0234:  MOVLB  00
0235:  BTFSC  0D.3
0236:  GOTO   25E
....................       { 
....................          if(check){ 
0237:  BTFSS  20.3
0238:  GOTO   25E
....................          output_high(SPI_CS); 
0239:  MOVLB  01
023A:  BCF    0C.7
023B:  MOVLB  02
023C:  BSF    0C.7
....................          int Ctrl_1      = 0b00000000; 
....................          int Ctrl_0      = 0b00110000; 
023D:  MOVLB  00
023E:  CLRF   23
023F:  MOVLW  30
0240:  MOVWF  24
....................          SPI_SSP1BUF = Ctrl_1; 
0241:  MOVLB  04
0242:  CLRF   12
0243:  MOVLB  00
0244:  MOVF   23,W
0245:  MOVLB  04
0246:  MOVWF  11
....................          while (!SPI_FLAG); 
0247:  MOVLB  00
0248:  BTFSS  11.3
0249:  GOTO   248
....................          SPI_FLAG = 0; 
024A:  BCF    11.3
....................          SPI_SSP1BUF = Ctrl_0; 
024B:  MOVLB  04
024C:  CLRF   12
024D:  MOVLB  00
024E:  MOVF   24,W
024F:  MOVLB  04
0250:  MOVWF  11
....................          while (!SPI_FLAG); 
0251:  MOVLB  00
0252:  BTFSS  11.3
0253:  GOTO   252
....................          SPI_FLAG = 0; 
0254:  BCF    11.3
....................          output_low(SPI_CS); 
0255:  MOVLB  01
0256:  BCF    0C.7
0257:  MOVLB  02
0258:  BCF    0C.7
....................          delay_ms(10); 
0259:  MOVLW  0A
025A:  MOVLB  00
025B:  MOVWF  31
025C:  CALL   016
....................          check=0; 
025D:  BCF    20.3
....................          } 
....................       } 
....................    } 
025E:  GOTO   19E
.................... } 
025F:  MOVLP  00
0260:  GOTO   28C (RETURN)
....................  
....................  
.................... void main() 
.................... { 
0261:  CLRF   05
0262:  CLRF   04
0263:  MOVLW  1F
0264:  ANDWF  03,F
0265:  MOVLW  F4
0266:  MOVLB  01
0267:  MOVWF  19
0268:  MOVLB  00
0269:  BCF    20.0
026A:  BCF    20.1
026B:  BCF    20.2
026C:  BSF    20.3
026D:  MOVLB  03
026E:  CLRF   0C
026F:  CLRF   0D
0270:  MOVLB  02
0271:  CLRF   12
0272:  CLRF   11
0273:  CLRF   14
0274:  CLRF   13
.................... // Set I/O states of the ports 
....................    //           76543210                   
....................    set_tris_a(0b00101000);        
0275:  MOVLW  28
0276:  MOVLB  01
0277:  MOVWF  0C
....................    set_tris_b(0b11001111); 
0278:  MOVLW  CF
0279:  MOVWF  0D
....................  
....................    // Set alternative pin functions 
....................    set_pins(); 
027A:  MOVLB  00
027B:  GOTO   003
....................    // Set SPI parameters 
....................    set_SPI(); 
027C:  GOTO   009
....................    //set_IOC(); 
....................     
....................    // Give user a hint of system start by turning on fault led 
....................    output_high(USER_FAULT); 
027D:  MOVLB  01
027E:  BCF    0C.2
027F:  MOVLB  02
0280:  BSF    0C.2
....................    delay_ms(500); 
0281:  MOVLW  02
0282:  MOVLB  00
0283:  MOVWF  21
0284:  MOVLW  FA
0285:  MOVWF  31
0286:  CALL   016
0287:  DECFSZ 21,F
0288:  GOTO   284
....................     
....................    // Set variables to default values 
....................    set_variables(); 
0289:  GOTO   02B
....................    // Set driver variables to default values 
....................    set_driver(); 
028A:  GOTO   042
....................     
....................    motion_cycle(); 
028B:  GOTO   192
.................... } 
028C:  SLEEP

Configuration Fuses:
   Word  1: 0E04   NOWDT PUT PROTECT NOMCLR CPD BROWNOUT NOIESO NOFCMEN INTRC_IO NOCLKOUT
   Word  2: 1210   WRT NOVCAP PLL_SW STVREN BORV25 NODEBUG NOLVP
