
ROM used:   1361/2048 (66%)
            1361/2048 (66%) including unused fragments

            1.1 Average locations per line
            6.1 Average locations per statement

RAM used:   9/335 (3%) at main() level
            40/335 (12%) worst case

Stack used: 3 worst case (3 in main + 0 for interrupts)
Stack size: 16

Lines Stmts  %   Files
----- ----- ---  -----
  436   224 100  SMD V1.1_Versiyon2.c
  825     0   0  C:\Program Files (x86)\PICC\Devices\16f1826.h
----- -----
 1261   224 Total

Page ROM  %  RAM   Vol Diff  Functions:
---- --- --- ---   --- ----  ----------
0     21   2    1             @delay_ms1
0     18   1    1             @delay_us1
0    579  43    0             @const637
0     13   1    0   174  1.8  set_SPI
0     11   1    0    32  1.0  set_variables
0      6   0    0    33  1.3  set_pins
0     81   6    1   662  4.6  md_set_state
0     14   1    1    52  1.9  md_set_direction
0    310  23    0  3002  3.2  md_init
0    258  19    6  2328  8.9  motion_cycle
0      9   1    0             @goto10737
0     38   3    1   138  1.3  MAIN
 Inline         0             @cinit1

Program metrics:
    Functions               8
    Statements              224
    Comments                213
    Volume (V)              8344
    Difficulty (D)          25.8
    Effort to implement (E) 215370
    Time to implement (T)   3 hours, 19 minutes
    Est Delivered Bugs (B)  1
    Cyclomatic Complexity   25
    Maintainability (MI)    130

 Segment     Used  Free
-----------  ----  ----
00000-00002     3  0  
00003-007FF  1358  687  



