CCS PCM C Compiler, Version 4.108, 15145               05-May-14 17:21

               Filename: E:\File Server\Modesis\Proje Dosyalarý\SMD - Adým Motor Sürücü\Software\Divizör Kod\SMD V1.0\Torque Selection Enable V1.0\Torque Selection Enable V1.0.lst

               ROM used: 725 words (35%)
                         Largest free fragment is 1323
               RAM used: 6 (2%) at main() level
                         33 (10%) worst case
               Stack:    2 locations

*
0000:  MOVLP  00
0001:  GOTO   2AA
0002:  NOP
.................... #INCLUDE <16f1826.h>  
.................... //////// Standard Header file for the PIC16F1826 device //////////////// 
.................... #device PIC16F1826 
.................... #list 
....................  
....................  
.................... #FUSES INTRC_IO      // Internal RC clock (OSC1 and OSC2 pins are normal I/O) 
.................... #FUSES NOWDT         // Watch Dog Timer disabled 
.................... #FUSES PUT           // Power Up Timer enabled 
.................... #FUSES NOMCLR        // Master Clear pin is used for I/O 
.................... #FUSES PROTECT       // Code protected from reads 
.................... #FUSES CPD           // Data EEPROM code protected 
.................... #FUSES BROWNOUT      // Brownout Reset enabled 
.................... #FUSES BORV25        // Brownout Reset at 2.5V 
.................... #FUSES NOCLKOUT      // Disable clock output on OSC2 
.................... #FUSES NOIESO        // Internal External Switch Over Mode disabled 
.................... #FUSES NOFCMEN       // Fail-safe clock monitor disabled 
.................... #FUSES WRT           // Program memory write protected                                               
.................... #FUSES NOLVP         // Low Voltage Programming disabled 
....................  
.................... #USE   DELAY(internal = 32MHz) 
*
0016:  MOVLW  20
0017:  MOVWF  05
0018:  MOVLW  11
0019:  MOVWF  04
001A:  MOVF   00,W
001B:  BTFSC  03.2
001C:  GOTO   02A
001D:  MOVLW  0A
001E:  MOVWF  78
001F:  CLRF   77
0020:  DECFSZ 77,F
0021:  GOTO   020
0022:  DECFSZ 78,F
0023:  GOTO   01F
0024:  MOVLW  5F
0025:  MOVWF  77
0026:  DECFSZ 77,F
0027:  GOTO   026
0028:  DECFSZ 00,F
0029:  GOTO   01D
002A:  RETURN
.................... //#USE   RS232(stream=RS232, baud=38400, XMIT=PIN_B5, RCV=PIN_B2, parity=N, bits=8, stop=1) 
....................  
.................... #DEFINE DRV_RESET    PIN_A0                  // Reset output pin to driver (Active-high reset input initializes all internal logic and disables the Hbridge outputs. Internal pulldown.) 
.................... #DEFINE DRV_SLEEP    PIN_A1                  // Sleep output pin to driver (Logic high to enable device) 
.................... #DEFINE USER_FAULT   PIN_A2                  // Fault output pin to user 
.................... #DEFINE USER_DIR     PIN_A3                  // Direction input pin from user 
.................... #DEFINE DRV_DIR      PIN_A4                  // Direction output pin to driver (Logic level, sets the direction of stepping) 
.................... #DEFINE DRV_STEP     PIN_A7                  // Step output pin to driver (Rising edge causes the indexer to move one step) 
.................... #DEFINE USER_STEP    PIN_B0                  // Step input pin from user 
.................... #DEFINE USER_ENABLE  PIN_B3                  // Enable input pin from user 
.................... #DEFINE DRV_STALL    PIN_B6                  // Stall input pin from driver (Internal stall detect mode: logic low when motor stall detected. Pull up mevcut) 
.................... #DEFINE DRV_FAULT    PIN_B7                  // Fault input pin from driver (Logic low when in fault condition. Pull up mevcut) 
....................  
.................... #DEFINE SPI_SDI      PIN_B1                  // SPI data input pin 
.................... #DEFINE SPI_SDO      PIN_A6                  // SPI data output pin 
.................... #DEFINE SPI_SCK      PIN_B4                  // SPI clock output pin 
.................... #DEFINE SPI_CS       PIN_B2                  // SPI chip select pin 
....................  
.................... // Interrupt On Change Registers 
.................... #WORD IOC_INTCON     =0x00B 
.................... #WORD IOC_IOCBP      =0x394 
.................... #WORD IOC_IOCBN      =0x395 
.................... #WORD IOC_IOCBF      =0x396 
.................... #WORD ANSELB         =0x18d 
....................  
.................... //Bits of IOC_INTCON register 
.................... #BIT IOC_GIE           = IOC_INTCON.7        //General interrupt enable bit 
.................... #BIT IOC_PEIE          = IOC_INTCON.6        //Peripheral interrupt enable bit 
.................... #BIT IOC_IOCIE         = IOC_INTCON.3        //Interrupt on change enable bit 
....................  
.................... //Bits of IOC_IOCBP register 
.................... #BIT IOC_PINB3_RISING            = IOC_IOCBP.3        //Pin B3 interrupt on change enable bit(Rising Edge) 
....................  
.................... //Bits of IOC_IOCBN register 
.................... #BIT IOC_PINB3_FALLING           = IOC_IOCBN.3        //Pin B3 interrupt on change enable bit(Falling Edge) 
....................  
.................... //Bits of IOC_IOCBF register 
.................... #BIT IOC_PINB3_FLAG              = IOC_IOCBF.3        //Pin B3 interrupt on change interrupt flag bit(Both Rising and Falling Edges) 
.................... //Bits of ANSELB register 
....................  
.................... #BIT ANSELB_PINB3                = ANSELB.3           //Selection of Pin B3 as a Digial I/O (0) or an Analog input (1) selection bit 
....................  
.................... // SPI Registers 
.................... #WORD SPI_SSP1CON1   = 0x215                 // Synchronous serial port control register 
.................... #WORD SPI_SSP1STAT   = 0x214                 // Synchronous serial port status register 
.................... #WORD SPI_SSP1BUF    = 0x211                 // Synchronous serial port buffer register 
.................... #WORD SPI_PIR1       = 0x011                 // Peripheral interrupt request register 
.................... // Pin function control registers 
.................... #WORD PIN_APFCON0    = 0x11D                 // Alternate pin function control register 0 
.................... #WORD PIN_APFCON1    = 0x11E                 // Alternate pin function control register 1 
....................  
.................... // Bits of SSP1CON1 register 
.................... #BIT SPI_WRITE_FLAG     = SPI_SSP1CON1.7     // Synchronous serial port write collision detect bit 
.................... #BIT SPI_ENABLE         = SPI_SSP1CON1.5     // Synchronous serial port enable bit 
.................... #BIT SPI_CLOCK_POLARITY = SPI_SSP1CON1.4     // Synchronous serial port clock polarity select bit 
.................... #BIT SPI_MODE_3         = SPI_SSP1CON1.3     // Synchronous serial port mode select bits 
.................... #BIT SPI_MODE_2         = SPI_SSP1CON1.2    
.................... #BIT SPI_MODE_1         = SPI_SSP1CON1.1    
.................... #BIT SPI_MODE_0         = SPI_SSP1CON1.0   
....................  
.................... // Bits of SPI_SSP1STAT register 
.................... #BIT SPI_INPUT_SAMPLE   = SPI_SSP1STAT.7     // Synchronous serial port data input sample bit 
.................... #BIT SPI_CLOCK_EDGE     = SPI_SSP1STAT.6     // Synchronous serial port clock edge select bit 
.................... #BIT SPI_BUFFER_STATUS  = SPI_SSP1STAT.0     // Synchronous serial port buffer full status bit 
....................  
.................... // Bits of SPI_PIR1 register 
.................... #BIT SPI_FLAG           = SPI_PIR1.3         // Synchronous serial port interrupt flag bit 
....................  
.................... // Bits of PIN_APFCON0 register 
.................... #BIT PIN_RX_SELECT      = PIN_APFCON0.7      // RX pin selection bit 
.................... #BIT PIN_SDO_SELECT     = PIN_APFCON0.6      // SDO pin selection bit  
.................... #BIT PIN_SS_SELECT      = PIN_APFCON0.5      // SS pin selection bit  
....................  
.................... // Bits of PIN_APFCON1 register 
.................... #BIT PIN_TX_SELECT      = PIN_APFCON1.0      // TX pin selection bit 
....................  
.................... int1  dir   = 0; 
.................... int1  step  = 0; 
.................... int1 enable_state = 0; 
....................  
.................... /* 
.................... // Sets interrupt on change bits 
.................... void set_IOC(){ 
....................    IOC_GIE           = 1;                  //General interrupt enable bit 
....................    IOC_PEIE          = 1;                  //Peripheral interrupt enable bit 
....................    IOC_IOCIE         = 1;                  //Interrupt on change enable bit 
....................    IOC_PINB3_RISING  = 1; 
....................    IOC_PINB3_FALLING = 1;  
....................    IOC_PINB3_FLAG    = 0; 
....................    ANSELB_PINB3      = 0; 
....................     
.................... } 
.................... */ 
....................  
....................  
....................  
.................... // Sets alternative pin functions 
.................... void set_pins() 
.................... { 
....................    // Set RB2 as RX pin 
....................    //PIN_RX_SELECT = 1; 
....................    // Set RA6 as SDO pin 
....................    PIN_SDO_SELECT = 1; 
*
0003:  MOVLB  02
0004:  BSF    1D.6
....................    // Set RA5 as SS pin 
....................    PIN_SS_SELECT = 1; 
0005:  BSF    1D.5
....................    // Set RB5 as TX pin 
....................    //PIN_TX_SELECT = 1; 
.................... } 
0006:  MOVLP  00
0007:  MOVLB  00
0008:  GOTO   2C4 (RETURN)
.................... // Sets SPI parameters 
.................... void set_SPI() 
.................... { 
....................    // Disable SPI to set registers 
....................    SPI_ENABLE = 0; 
0009:  MOVLB  04
000A:  BCF    15.5
....................    // Set idle state of the clock to low  
....................    SPI_CLOCK_POLARITY = 0; 
000B:  BCF    15.4
....................    // Set SPI mode to SPI  
....................    SPI_MODE_3 = 0;  
000C:  BCF    15.3
....................    SPI_MODE_2 = 0; 
000D:  BCF    15.2
....................    SPI_MODE_1 = 1; 
000E:  BSF    15.1
....................    SPI_MODE_0 = 0; 
000F:  BCF    15.0
....................    // Input data sampled at the middle of data output time 
....................    SPI_INPUT_SAMPLE = 0; 
0010:  BCF    14.7
....................    // Transmit occurs on transition from active to idle clock state 
....................    SPI_CLOCK_EDGE = 1; 
0011:  BSF    14.6
....................  
....................    // Enable SPI 
....................    SPI_ENABLE = 1; 
0012:  BSF    15.5
.................... } 
0013:  MOVLP  00
0014:  MOVLB  00
0015:  GOTO   2C5 (RETURN)
.................... // Sets variables to default values  
.................... void set_variables() 
.................... { 
....................    output_low(SPI_CS);     // Chip select is active high so keep it low to prevent out-of-sync transaction 
*
002B:  MOVLB  01
002C:  BCF    0D.2
002D:  MOVLB  02
002E:  BCF    0D.2
....................    output_low(USER_FAULT); // Clear fault status  
002F:  MOVLB  01
0030:  BCF    0C.2
0031:  MOVLB  02
0032:  BCF    0C.2
....................    output_low(DRV_SLEEP);  // Put driver into sleep mode until user enables the motor 
0033:  MOVLB  01
0034:  BCF    0C.1
0035:  MOVLB  02
0036:  BCF    0C.1
....................    output_low(DRV_RESET);  // Reset is active high so keep reset pin low to activate driver  
0037:  MOVLB  01
0038:  BCF    0C.0
0039:  MOVLB  02
003A:  BCF    0C.0
....................    output_low(DRV_DIR);    // Set default direction 
003B:  MOVLB  01
003C:  BCF    0C.4
003D:  MOVLB  02
003E:  BCF    0C.4
....................    output_low(DRV_STEP);   // Keep step output low until a step command is received from the user 
003F:  MOVLB  01
0040:  BCF    0C.7
0041:  MOVLB  02
0042:  BCF    0C.7
.................... } 
0043:  MOVLP  00
0044:  MOVLB  00
0045:  GOTO   2D2 (RETURN)
.................... // Sets driver parameters to default values 
.................... void set_driver() 
.................... { 
....................    // Driver control register sets these parameters 
....................    // data operation type                       (bit 15)    1=read,  
....................    //                                                       0=write 
....................    // register adress                           (bit 14-12) 000=CTRL reg 
....................    // DTIME (dead time between MOSFET switching)(bit 11-10) 00=400ns,  
....................    //                                                       01=450ns,  
....................    //                                                       10=650ns,  
....................    //                                                       11=850ns 
....................    // ISGain (current amplifier gain)           (bit 9-8)   00=Gain of 5,  
....................    //                                                       01=Gain of 10,  
....................    //                                                       10=Gain of 20,  
....................    //                                                       11=Gain of 40 
....................    // EXSTALL (source of stall detection)       (bit 7)     0=Internal 
....................    //                                                       1=External 
....................    // MODE (microstepping mode)                 (bit 6-3)   0000=Full-step, 71% current 
....................    //                                                       0001=Half step 
....................    //                                                       0010=1/4 step 
....................    //                                                       0011=1/8 step 
....................    //                                                       0100=1/16 step 
....................    //                                                       0101=1/32 step 
....................    //                                                       0110=1/64 step 
....................    //                                                       0111=1/128 step 
....................    //                                                       1000=1/256 step 
....................    // RSTEP (single step output)                (bit 2)     0=No action 
....................    //                                                       1=Indexer will advance one step; automatically cleared after write 
....................    // direction                                 (bit 1)     0=Direction set by DIR pin 
....................    //                                                       1=Direction set by inverse of DIR pin 
....................    // enable                                    (bit 0)     0=Disable motor 
....................    //                                                       1=Enable motor 
....................    //   
....................    //                 76543210 
....................     
....................    output_high(SPI_CS); 
0046:  MOVLB  01
0047:  BCF    0D.2
0048:  MOVLB  02
0049:  BSF    0D.2
....................    int Ctrl_1     = 0b00000011; 
....................    int Ctrl_0     = 0b01000001; 
004A:  MOVLW  03
004B:  MOVLB  00
004C:  MOVWF  21
004D:  MOVLW  41
004E:  MOVWF  22
....................    SPI_SSP1BUF = Ctrl_1; 
004F:  MOVLB  04
0050:  CLRF   12
0051:  MOVLB  00
0052:  MOVF   21,W
0053:  MOVLB  04
0054:  MOVWF  11
....................    while (!SPI_FLAG); 
0055:  MOVLB  00
0056:  BTFSS  11.3
0057:  GOTO   056
....................    SPI_FLAG = 0; 
0058:  BCF    11.3
....................    SPI_SSP1BUF = Ctrl_0; 
0059:  MOVLB  04
005A:  CLRF   12
005B:  MOVLB  00
005C:  MOVF   22,W
005D:  MOVLB  04
005E:  MOVWF  11
....................    while (!SPI_FLAG); 
005F:  MOVLB  00
0060:  BTFSS  11.3
0061:  GOTO   060
....................    SPI_FLAG = 0; 
0062:  BCF    11.3
....................    output_low(SPI_CS); 
0063:  MOVLB  01
0064:  BCF    0D.2
0065:  MOVLB  02
0066:  BCF    0D.2
....................    delay_ms(10); 
0067:  MOVLW  0A
0068:  MOVLB  00
0069:  MOVWF  31
006A:  CALL   016
....................  
....................    output_high(SPI_CS); 
006B:  MOVLB  01
006C:  BCF    0D.2
006D:  MOVLB  02
006E:  BSF    0D.2
....................    int Torque_1   = 0b00010000; 
....................    int Torque_0   = 0b11001000; 
006F:  MOVLW  10
0070:  MOVLB  00
0071:  MOVWF  23
0072:  MOVLW  C8
0073:  MOVWF  24
....................    SPI_SSP1BUF = Torque_1; 
0074:  MOVLB  04
0075:  CLRF   12
0076:  MOVLB  00
0077:  MOVF   23,W
0078:  MOVLB  04
0079:  MOVWF  11
....................    while (!SPI_FLAG); 
007A:  MOVLB  00
007B:  BTFSS  11.3
007C:  GOTO   07B
....................    SPI_FLAG = 0; 
007D:  BCF    11.3
....................    SPI_SSP1BUF = Torque_0; 
007E:  MOVLB  04
007F:  CLRF   12
0080:  MOVLB  00
0081:  MOVF   24,W
0082:  MOVLB  04
0083:  MOVWF  11
....................    while (!SPI_FLAG); 
0084:  MOVLB  00
0085:  BTFSS  11.3
0086:  GOTO   085
....................    SPI_FLAG = 0; 
0087:  BCF    11.3
....................    output_low(SPI_CS); 
0088:  MOVLB  01
0089:  BCF    0D.2
008A:  MOVLB  02
008B:  BCF    0D.2
....................    delay_ms(10); 
008C:  MOVLW  0A
008D:  MOVLB  00
008E:  MOVWF  31
008F:  CALL   016
....................     
....................    output_high(SPI_CS); 
0090:  MOVLB  01
0091:  BCF    0D.2
0092:  MOVLB  02
0093:  BSF    0D.2
....................    int Off_1      = 0b00100000; 
....................    int Off_0      = 0b01000110; 
0094:  MOVLW  20
0095:  MOVLB  00
0096:  MOVWF  25
0097:  MOVLW  46
0098:  MOVWF  26
....................    SPI_SSP1BUF = Off_1; 
0099:  MOVLB  04
009A:  CLRF   12
009B:  MOVLB  00
009C:  MOVF   25,W
009D:  MOVLB  04
009E:  MOVWF  11
....................    while (!SPI_FLAG); 
009F:  MOVLB  00
00A0:  BTFSS  11.3
00A1:  GOTO   0A0
....................    SPI_FLAG = 0; 
00A2:  BCF    11.3
....................    SPI_SSP1BUF = Off_0; 
00A3:  MOVLB  04
00A4:  CLRF   12
00A5:  MOVLB  00
00A6:  MOVF   26,W
00A7:  MOVLB  04
00A8:  MOVWF  11
....................    while (!SPI_FLAG); 
00A9:  MOVLB  00
00AA:  BTFSS  11.3
00AB:  GOTO   0AA
....................    SPI_FLAG = 0; 
00AC:  BCF    11.3
....................    output_low(SPI_CS); 
00AD:  MOVLB  01
00AE:  BCF    0D.2
00AF:  MOVLB  02
00B0:  BCF    0D.2
....................    delay_ms(10); 
00B1:  MOVLW  0A
00B2:  MOVLB  00
00B3:  MOVWF  31
00B4:  CALL   016
....................     
....................    output_high(SPI_CS); 
00B5:  MOVLB  01
00B6:  BCF    0D.2
00B7:  MOVLB  02
00B8:  BSF    0D.2
....................    int Blank_1    = 0b00110001; 
....................    int Blank_0    = 0b01111101; 
00B9:  MOVLW  31
00BA:  MOVLB  00
00BB:  MOVWF  27
00BC:  MOVLW  7D
00BD:  MOVWF  28
....................    SPI_SSP1BUF = Blank_1; 
00BE:  MOVLB  04
00BF:  CLRF   12
00C0:  MOVLB  00
00C1:  MOVF   27,W
00C2:  MOVLB  04
00C3:  MOVWF  11
....................    while (!SPI_FLAG); 
00C4:  MOVLB  00
00C5:  BTFSS  11.3
00C6:  GOTO   0C5
....................    SPI_FLAG = 0; 
00C7:  BCF    11.3
....................    SPI_SSP1BUF = Blank_0; 
00C8:  MOVLB  04
00C9:  CLRF   12
00CA:  MOVLB  00
00CB:  MOVF   28,W
00CC:  MOVLB  04
00CD:  MOVWF  11
....................    while (!SPI_FLAG); 
00CE:  MOVLB  00
00CF:  BTFSS  11.3
00D0:  GOTO   0CF
....................    SPI_FLAG = 0; 
00D1:  BCF    11.3
....................    output_low(SPI_CS); 
00D2:  MOVLB  01
00D3:  BCF    0D.2
00D4:  MOVLB  02
00D5:  BCF    0D.2
....................    delay_ms(10); 
00D6:  MOVLW  0A
00D7:  MOVLB  00
00D8:  MOVWF  31
00D9:  CALL   016
....................     
....................    output_high(SPI_CS); 
00DA:  MOVLB  01
00DB:  BCF    0D.2
00DC:  MOVLB  02
00DD:  BSF    0D.2
....................    int Decay_1    = 0b01000101; 
....................    int Decay_0    = 0b00101001; 
00DE:  MOVLW  45
00DF:  MOVLB  00
00E0:  MOVWF  29
00E1:  MOVLW  29
00E2:  MOVWF  2A
....................    SPI_SSP1BUF = Decay_1; 
00E3:  MOVLB  04
00E4:  CLRF   12
00E5:  MOVLB  00
00E6:  MOVF   29,W
00E7:  MOVLB  04
00E8:  MOVWF  11
....................    while (!SPI_FLAG); 
00E9:  MOVLB  00
00EA:  BTFSS  11.3
00EB:  GOTO   0EA
....................    SPI_FLAG = 0; 
00EC:  BCF    11.3
....................    SPI_SSP1BUF = Decay_0; 
00ED:  MOVLB  04
00EE:  CLRF   12
00EF:  MOVLB  00
00F0:  MOVF   2A,W
00F1:  MOVLB  04
00F2:  MOVWF  11
....................    while (!SPI_FLAG); 
00F3:  MOVLB  00
00F4:  BTFSS  11.3
00F5:  GOTO   0F4
....................    SPI_FLAG = 0; 
00F6:  BCF    11.3
....................    output_low(SPI_CS); 
00F7:  MOVLB  01
00F8:  BCF    0D.2
00F9:  MOVLB  02
00FA:  BCF    0D.2
....................    delay_ms(10); 
00FB:  MOVLW  0A
00FC:  MOVLB  00
00FD:  MOVWF  31
00FE:  CALL   016
....................     
....................    output_high(SPI_CS); 
00FF:  MOVLB  01
0100:  BCF    0D.2
0101:  MOVLB  02
0102:  BSF    0D.2
....................    int Stall_1    = 0b01011001; 
....................    int Stall_0    = 0b00010100; 
0103:  MOVLW  59
0104:  MOVLB  00
0105:  MOVWF  2B
0106:  MOVLW  14
0107:  MOVWF  2C
....................    SPI_SSP1BUF = Stall_1; 
0108:  MOVLB  04
0109:  CLRF   12
010A:  MOVLB  00
010B:  MOVF   2B,W
010C:  MOVLB  04
010D:  MOVWF  11
....................    while (!SPI_FLAG); 
010E:  MOVLB  00
010F:  BTFSS  11.3
0110:  GOTO   10F
....................    SPI_FLAG = 0; 
0111:  BCF    11.3
....................    SPI_SSP1BUF = Stall_0; 
0112:  MOVLB  04
0113:  CLRF   12
0114:  MOVLB  00
0115:  MOVF   2C,W
0116:  MOVLB  04
0117:  MOVWF  11
....................    while (!SPI_FLAG); 
0118:  MOVLB  00
0119:  BTFSS  11.3
011A:  GOTO   119
....................    SPI_FLAG = 0; 
011B:  BCF    11.3
....................    output_low(SPI_CS); 
011C:  MOVLB  01
011D:  BCF    0D.2
011E:  MOVLB  02
011F:  BCF    0D.2
....................    delay_ms(10); 
0120:  MOVLW  0A
0121:  MOVLB  00
0122:  MOVWF  31
0123:  CALL   016
....................     
....................    output_high(SPI_CS); 
0124:  MOVLB  01
0125:  BCF    0D.2
0126:  MOVLB  02
0127:  BSF    0D.2
....................    int Drive_1    = 0b01101111; 
....................    int Drive_0    = 0b10100000; 
0128:  MOVLW  6F
0129:  MOVLB  00
012A:  MOVWF  2D
012B:  MOVLW  A0
012C:  MOVWF  2E
....................    SPI_SSP1BUF = Drive_1; 
012D:  MOVLB  04
012E:  CLRF   12
012F:  MOVLB  00
0130:  MOVF   2D,W
0131:  MOVLB  04
0132:  MOVWF  11
....................    while (!SPI_FLAG); 
0133:  MOVLB  00
0134:  BTFSS  11.3
0135:  GOTO   134
....................    SPI_FLAG = 0; 
0136:  BCF    11.3
....................    SPI_SSP1BUF = Drive_0; 
0137:  MOVLB  04
0138:  CLRF   12
0139:  MOVLB  00
013A:  MOVF   2E,W
013B:  MOVLB  04
013C:  MOVWF  11
....................    while (!SPI_FLAG); 
013D:  MOVLB  00
013E:  BTFSS  11.3
013F:  GOTO   13E
....................    SPI_FLAG = 0; 
0140:  BCF    11.3
....................    output_low(SPI_CS); 
0141:  MOVLB  01
0142:  BCF    0D.2
0143:  MOVLB  02
0144:  BCF    0D.2
....................    delay_ms(10); 
0145:  MOVLW  0A
0146:  MOVLB  00
0147:  MOVWF  31
0148:  CALL   016
....................     
....................    output_high(SPI_CS); 
0149:  MOVLB  01
014A:  BCF    0D.2
014B:  MOVLB  02
014C:  BSF    0D.2
....................    int Status_1   = 0b01110000; 
....................    int Status_0   = 0b00000000; 
014D:  MOVLW  70
014E:  MOVLB  00
014F:  MOVWF  2F
0150:  CLRF   30
....................    SPI_SSP1BUF = Status_1; 
0151:  MOVLB  04
0152:  CLRF   12
0153:  MOVLB  00
0154:  MOVF   2F,W
0155:  MOVLB  04
0156:  MOVWF  11
....................    while (!SPI_FLAG); 
0157:  MOVLB  00
0158:  BTFSS  11.3
0159:  GOTO   158
....................    SPI_FLAG = 0; 
015A:  BCF    11.3
....................    SPI_SSP1BUF = Status_0; 
015B:  MOVLB  04
015C:  CLRF   12
015D:  MOVLB  00
015E:  MOVF   30,W
015F:  MOVLB  04
0160:  MOVWF  11
....................    while (!SPI_FLAG); 
0161:  MOVLB  00
0162:  BTFSS  11.3
0163:  GOTO   162
....................    SPI_FLAG = 0; 
0164:  BCF    11.3
....................    output_low(SPI_CS); 
0165:  MOVLB  01
0166:  BCF    0D.2
0167:  MOVLB  02
0168:  BCF    0D.2
....................    delay_ms(10); 
0169:  MOVLW  0A
016A:  MOVLB  00
016B:  MOVWF  31
016C:  CALL   016
....................     
....................    output_high(DRV_SLEEP); 
016D:  MOVLB  01
016E:  BCF    0C.1
016F:  MOVLB  02
0170:  BSF    0C.1
....................    delay_ms(100); 
0171:  MOVLW  64
0172:  MOVLB  00
0173:  MOVWF  31
0174:  CALL   016
....................     
....................    output_high(SPI_CS); 
0175:  MOVLB  01
0176:  BCF    0D.2
0177:  MOVLB  02
0178:  BSF    0D.2
....................    Ctrl_1      = 0b00000001; 
0179:  MOVLW  01
017A:  MOVLB  00
017B:  MOVWF  21
....................    Ctrl_0      = 0b01000001; 
017C:  MOVLW  41
017D:  MOVWF  22
....................    SPI_SSP1BUF = Ctrl_1; 
017E:  MOVLB  04
017F:  CLRF   12
0180:  MOVLB  00
0181:  MOVF   21,W
0182:  MOVLB  04
0183:  MOVWF  11
....................    while (!SPI_FLAG); 
0184:  MOVLB  00
0185:  BTFSS  11.3
0186:  GOTO   185
....................    SPI_FLAG = 0; 
0187:  BCF    11.3
....................    SPI_SSP1BUF = Ctrl_0; 
0188:  MOVLB  04
0189:  CLRF   12
018A:  MOVLB  00
018B:  MOVF   22,W
018C:  MOVLB  04
018D:  MOVWF  11
....................    while (!SPI_FLAG); 
018E:  MOVLB  00
018F:  BTFSS  11.3
0190:  GOTO   18F
....................    SPI_FLAG = 0; 
0191:  BCF    11.3
....................    output_low(SPI_CS); 
0192:  MOVLB  01
0193:  BCF    0D.2
0194:  MOVLB  02
0195:  BCF    0D.2
....................    delay_ms(10); 
0196:  MOVLW  0A
0197:  MOVLB  00
0198:  MOVWF  31
0199:  CALL   016
.................... } 
019A:  MOVLP  00
019B:  GOTO   2D3 (RETURN)
....................  
.................... void IOC_cycle () 
.................... { 
....................    if (IOC_PINB3_FLAG){ 
....................       if(enable_state){ 
....................       enable_state=0; 
....................       IOC_PINB3_FLAG=0; 
....................       } 
....................       if(!enable_state){ 
....................       enable_state=1; 
....................       IOC_PINB3_FLAG=0; 
....................       }    
....................    } 
.................... } 
....................  
....................  
....................  
....................  
.................... void motion_cycle() 
.................... { 
....................    step  = input(USER_STEP); 
019C:  MOVLB  01
019D:  BSF    0D.0
019E:  MOVLB  00
019F:  BCF    20.1
01A0:  BTFSC  0D.0
01A1:  BSF    20.1
....................    dir   = input(USER_DIR); 
01A2:  MOVLB  01
01A3:  BSF    0C.3
01A4:  MOVLB  00
01A5:  BCF    20.0
01A6:  BTFSC  0C.3
01A7:  BSF    20.0
....................    while(true) 
....................    {  
....................    /* 
....................       if (IOC_PINB3_FLAG){ 
....................          if(enable_state){ 
....................           enable_state=0; 
....................           } 
....................          else if(!enable_state){ 
....................          enable_state=1; 
....................           } 
....................          IOC_PINB3_FLAG=0; 
....................      } 
....................      */ 
....................    int1 Enable=input(USER_ENABLE); 
01A8:  MOVLB  01
01A9:  BSF    0D.3
01AA:  MOVLB  00
01AB:  BCF    21.0
01AC:  BTFSC  0D.3
01AD:  BSF    21.0
....................       if(!Enable) 
01AE:  BTFSC  21.0
01AF:  GOTO   219
....................       { 
....................           output_high(SPI_CS); 
01B0:  MOVLB  01
01B1:  BCF    0D.2
01B2:  MOVLB  02
01B3:  BSF    0D.2
....................           int Ctrl_1     = 0b00000000; 
....................           int Ctrl_0     = 0b01000001; 
01B4:  MOVLB  00
01B5:  CLRF   22
01B6:  MOVLW  41
01B7:  MOVWF  23
....................           SPI_SSP1BUF = Ctrl_1; 
01B8:  MOVLB  04
01B9:  CLRF   12
01BA:  MOVLB  00
01BB:  MOVF   22,W
01BC:  MOVLB  04
01BD:  MOVWF  11
....................           while (!SPI_FLAG); 
01BE:  MOVLB  00
01BF:  BTFSS  11.3
01C0:  GOTO   1BF
....................           SPI_FLAG = 0; 
01C1:  BCF    11.3
....................           SPI_SSP1BUF = Ctrl_0; 
01C2:  MOVLB  04
01C3:  CLRF   12
01C4:  MOVLB  00
01C5:  MOVF   23,W
01C6:  MOVLB  04
01C7:  MOVWF  11
....................           while (!SPI_FLAG); 
01C8:  MOVLB  00
01C9:  BTFSS  11.3
01CA:  GOTO   1C9
....................           SPI_FLAG = 0; 
01CB:  BCF    11.3
....................           output_low(SPI_CS); 
01CC:  MOVLB  01
01CD:  BCF    0D.2
01CE:  MOVLB  02
01CF:  BCF    0D.2
....................           
....................          while(!Enable){ 
01D0:  MOVLB  00
01D1:  BTFSC  21.0
01D2:  GOTO   218
....................             if(dir != input(USER_DIR)) 
01D3:  MOVLW  00
01D4:  BTFSC  20.0
01D5:  MOVLW  01
01D6:  MOVWF  28
01D7:  MOVLB  01
01D8:  BSF    0C.3
01D9:  MOVLW  00
01DA:  MOVLB  00
01DB:  BTFSC  0C.3
01DC:  MOVLW  01
01DD:  SUBWF  28,W
01DE:  BTFSC  03.2
01DF:  GOTO   1F2
....................             { 
....................                output_bit(DRV_DIR, input(USER_DIR)); 
01E0:  MOVLB  01
01E1:  BSF    0C.3
01E2:  MOVLB  00
01E3:  BTFSC  0C.3
01E4:  GOTO   1E9
01E5:  MOVLB  02
01E6:  BCF    0C.4
01E7:  GOTO   1EB
01E8:  MOVLB  00
01E9:  MOVLB  02
01EA:  BSF    0C.4
01EB:  MOVLB  01
01EC:  BCF    0C.4
....................                dir = input(USER_DIR); 
01ED:  BSF    0C.3
01EE:  MOVLB  00
01EF:  BCF    20.0
01F0:  BTFSC  0C.3
01F1:  BSF    20.0
....................             } 
....................             if(step != input(USER_STEP)) 
01F2:  MOVLW  00
01F3:  BTFSC  20.1
01F4:  MOVLW  01
01F5:  MOVWF  28
01F6:  MOVLB  01
01F7:  BSF    0D.0
01F8:  MOVLW  00
01F9:  MOVLB  00
01FA:  BTFSC  0D.0
01FB:  MOVLW  01
01FC:  SUBWF  28,W
01FD:  BTFSC  03.2
01FE:  GOTO   211
....................             { 
....................                output_bit(DRV_STEP, input(USER_STEP)); 
01FF:  MOVLB  01
0200:  BSF    0D.0
0201:  MOVLB  00
0202:  BTFSC  0D.0
0203:  GOTO   208
0204:  MOVLB  02
0205:  BCF    0C.7
0206:  GOTO   20A
0207:  MOVLB  00
0208:  MOVLB  02
0209:  BSF    0C.7
020A:  MOVLB  01
020B:  BCF    0C.7
....................                step = input(USER_STEP); 
020C:  BSF    0D.0
020D:  MOVLB  00
020E:  BCF    20.1
020F:  BTFSC  0D.0
0210:  BSF    20.1
....................             } 
....................             Enable=input(USER_ENABLE); 
0211:  MOVLB  01
0212:  BSF    0D.3
0213:  MOVLB  00
0214:  BCF    21.0
0215:  BTFSC  0D.3
0216:  BSF    21.0
....................          } 
0217:  GOTO   1D1
....................       } 
....................       else if (Enable) 
0218:  GOTO   2A7
0219:  BTFSS  21.0
021A:  GOTO   285
....................       { 
....................          output_high(SPI_CS); 
021B:  MOVLB  01
021C:  BCF    0D.2
021D:  MOVLB  02
021E:  BSF    0D.2
....................           int Ctrl_1     = 0b00000001; 
....................           int Ctrl_0     = 0b01000001; 
021F:  MOVLW  01
0220:  MOVLB  00
0221:  MOVWF  24
0222:  MOVLW  41
0223:  MOVWF  25
....................           SPI_SSP1BUF = Ctrl_1; 
0224:  MOVLB  04
0225:  CLRF   12
0226:  MOVLB  00
0227:  MOVF   24,W
0228:  MOVLB  04
0229:  MOVWF  11
....................           while (!SPI_FLAG); 
022A:  MOVLB  00
022B:  BTFSS  11.3
022C:  GOTO   22B
....................           SPI_FLAG = 0; 
022D:  BCF    11.3
....................           SPI_SSP1BUF = Ctrl_0; 
022E:  MOVLB  04
022F:  CLRF   12
0230:  MOVLB  00
0231:  MOVF   25,W
0232:  MOVLB  04
0233:  MOVWF  11
....................           while (!SPI_FLAG); 
0234:  MOVLB  00
0235:  BTFSS  11.3
0236:  GOTO   235
....................           SPI_FLAG = 0; 
0237:  BCF    11.3
....................           output_low(SPI_CS); 
0238:  MOVLB  01
0239:  BCF    0D.2
023A:  MOVLB  02
023B:  BCF    0D.2
....................          
....................         while(Enable){ 
023C:  MOVLB  00
023D:  BTFSS  21.0
023E:  GOTO   284
....................             if(dir != input(USER_DIR)) 
023F:  MOVLW  00
0240:  BTFSC  20.0
0241:  MOVLW  01
0242:  MOVWF  28
0243:  MOVLB  01
0244:  BSF    0C.3
0245:  MOVLW  00
0246:  MOVLB  00
0247:  BTFSC  0C.3
0248:  MOVLW  01
0249:  SUBWF  28,W
024A:  BTFSC  03.2
024B:  GOTO   25E
....................             { 
....................                output_bit(DRV_DIR, input(USER_DIR)); 
024C:  MOVLB  01
024D:  BSF    0C.3
024E:  MOVLB  00
024F:  BTFSC  0C.3
0250:  GOTO   255
0251:  MOVLB  02
0252:  BCF    0C.4
0253:  GOTO   257
0254:  MOVLB  00
0255:  MOVLB  02
0256:  BSF    0C.4
0257:  MOVLB  01
0258:  BCF    0C.4
....................                dir = input(USER_DIR); 
0259:  BSF    0C.3
025A:  MOVLB  00
025B:  BCF    20.0
025C:  BTFSC  0C.3
025D:  BSF    20.0
....................             } 
....................             if(step != input(USER_STEP)) 
025E:  MOVLW  00
025F:  BTFSC  20.1
0260:  MOVLW  01
0261:  MOVWF  28
0262:  MOVLB  01
0263:  BSF    0D.0
0264:  MOVLW  00
0265:  MOVLB  00
0266:  BTFSC  0D.0
0267:  MOVLW  01
0268:  SUBWF  28,W
0269:  BTFSC  03.2
026A:  GOTO   27D
....................             { 
....................                output_bit(DRV_STEP, input(USER_STEP)); 
026B:  MOVLB  01
026C:  BSF    0D.0
026D:  MOVLB  00
026E:  BTFSC  0D.0
026F:  GOTO   274
0270:  MOVLB  02
0271:  BCF    0C.7
0272:  GOTO   276
0273:  MOVLB  00
0274:  MOVLB  02
0275:  BSF    0C.7
0276:  MOVLB  01
0277:  BCF    0C.7
....................                step = input(USER_STEP); 
0278:  BSF    0D.0
0279:  MOVLB  00
027A:  BCF    20.1
027B:  BTFSC  0D.0
027C:  BSF    20.1
....................             } 
....................             Enable=input(USER_ENABLE); 
027D:  MOVLB  01
027E:  BSF    0D.3
027F:  MOVLB  00
0280:  BCF    21.0
0281:  BTFSC  0D.3
0282:  BSF    21.0
....................         } 
0283:  GOTO   23D
....................       } 
....................        
....................       else 
0284:  GOTO   2A7
....................       { 
....................           output_high(SPI_CS); 
0285:  MOVLB  01
0286:  BCF    0D.2
0287:  MOVLB  02
0288:  BSF    0D.2
....................           int Ctrl_1     = 0b00000011; 
....................           int Ctrl_0     = 0b01000001; 
0289:  MOVLW  03
028A:  MOVLB  00
028B:  MOVWF  26
028C:  MOVLW  41
028D:  MOVWF  27
....................           SPI_SSP1BUF = Ctrl_1; 
028E:  MOVLB  04
028F:  CLRF   12
0290:  MOVLB  00
0291:  MOVF   26,W
0292:  MOVLB  04
0293:  MOVWF  11
....................           while (!SPI_FLAG); 
0294:  MOVLB  00
0295:  BTFSS  11.3
0296:  GOTO   295
....................           SPI_FLAG = 0; 
0297:  BCF    11.3
....................           SPI_SSP1BUF = Ctrl_0; 
0298:  MOVLB  04
0299:  CLRF   12
029A:  MOVLB  00
029B:  MOVF   27,W
029C:  MOVLB  04
029D:  MOVWF  11
....................           while (!SPI_FLAG); 
029E:  MOVLB  00
029F:  BTFSS  11.3
02A0:  GOTO   29F
....................           SPI_FLAG = 0; 
02A1:  BCF    11.3
....................           output_low(SPI_CS); 
02A2:  MOVLB  01
02A3:  BCF    0D.2
02A4:  MOVLB  02
02A5:  BCF    0D.2
02A6:  MOVLB  00
....................       } 
....................    } 
02A7:  GOTO   1A8
.................... } 
02A8:  MOVLP  00
02A9:  GOTO   2D4 (RETURN)
....................  
.................... /* 
.................... void wait() 
.................... { 
.................... output_low(DRV_SLEEP); 
....................    while(true){ 
....................       check_states(); 
....................       output_high(USER_FAULT);  //LED YAK 
....................       if(USER_ENABLE==1&&fault==0&&stall==0){ 
....................             motion_cycle(); 
....................       } 
....................    } 
.................... } 
....................  
.................... void check_states() 
.................... { 
....................     
....................    check_stall(){ 
....................    //adresi oku 
....................    } 
....................     
....................    check_fault(){ 
....................    //adresi oku 
....................    } 
.................... } 
.................... */ 
....................  
.................... void main() 
.................... { 
02AA:  CLRF   05
02AB:  CLRF   04
02AC:  MOVLW  1F
02AD:  ANDWF  03,F
02AE:  MOVLW  F4
02AF:  MOVLB  01
02B0:  MOVWF  19
02B1:  MOVLB  00
02B2:  BCF    20.0
02B3:  BCF    20.1
02B4:  BCF    20.2
02B5:  MOVLB  03
02B6:  CLRF   0C
02B7:  CLRF   0D
02B8:  MOVLB  02
02B9:  CLRF   12
02BA:  CLRF   11
02BB:  CLRF   14
02BC:  CLRF   13
.................... // Set I/O states of the ports 
....................    //           76543210                  
....................    set_tris_a(0b00001000);        
02BD:  MOVLW  08
02BE:  MOVLB  01
02BF:  MOVWF  0C
....................    set_tris_b(0b11001011); 
02C0:  MOVLW  CB
02C1:  MOVWF  0D
....................  
....................    // Set alternative pin functions 
....................    set_pins(); 
02C2:  MOVLB  00
02C3:  GOTO   003
....................    // Set SPI parameters 
....................    set_SPI(); 
02C4:  GOTO   009
....................    //set_IOC(); 
....................     
....................    // Give user a hint of system start by turning on fault led 
....................    output_high(USER_FAULT); 
02C5:  MOVLB  01
02C6:  BCF    0C.2
02C7:  MOVLB  02
02C8:  BSF    0C.2
....................    delay_ms(500); 
02C9:  MOVLW  02
02CA:  MOVLB  00
02CB:  MOVWF  21
02CC:  MOVLW  FA
02CD:  MOVWF  31
02CE:  CALL   016
02CF:  DECFSZ 21,F
02D0:  GOTO   2CC
....................     
....................    // Set variables to default values 
....................    set_variables(); 
02D1:  GOTO   02B
....................    // Set driver variables to default values 
....................    set_driver(); 
02D2:  GOTO   046
....................     
....................    motion_cycle(); 
02D3:  GOTO   19C
.................... } 
02D4:  SLEEP

Configuration Fuses:
   Word  1: 0E04   NOWDT PUT PROTECT NOMCLR CPD BROWNOUT NOIESO NOFCMEN INTRC_IO NOCLKOUT
   Word  2: 1210   WRT NOVCAP PLL_SW STVREN BORV25 NODEBUG NOLVP
