
ROM used: 725 (35%)
          725 (35%) including unused fragments

          1 Average locations per line
          3 Average locations per statement

RAM used: 6 (2%) at main() level
          33 (10%) worst case

Stack used: 2 worst case (out of 16 total available)

Lines Stmts  %   Files
----- ----- ---  -----
  459   211 100  Torque Selection Enable V1.0.c
  474     0   0  C:\Program Files (x86)\PICC\devices\16f1826.h
----- -----
  933   211 Total

Page ROM  %  RAM   Vol Diff  Functions:
---- --- --- ---   --- ----  ----------
0     21   3   1             @delay_ms1
0      6   1   0    33  1.3  set_pins
0     13   2   0   174  1.8  set_SPI
0     27   4   0   106  1.3  set_variables
0    342  47   0  3341  3.2  set_driver
0    270  37   1  1946  5.1  motion_cycle
0     43   6   1   138  1.3  MAIN

Program metrics:
    Functions               6
    Statements              211
    Comments                238
    Volume (V)              7104
    Difficilty (D)          15.3
    Effort to implement (E) 108628
    Time to implement (T)   1 hours, 41 minutes
    Est Delivered Bugs (B)  1
    Cyclomatic Complexity   6
    Maintainability (MI)    60

 Segment     Used  Free
-----------  ----  ----
00000-00002     3  0  
00003-007FF   722  1323  



