
ROM used:   2033/2048 (99%)
            2033/2048 (99%) including unused fragments

            1.6 Average locations per line
            10.4 Average locations per statement

RAM used:   24/335 (7%) at main() level
            95/335 (28%) worst case

Stack used: 5 worst case (4 in main + 1 for interrupts)
Stack size: 16

Lines Stmts  %   Files
----- ----- ---  -----
  443   196 100  X Motoru.c
  825     0   0  ..\..\..\..\..\..\..\..\Program Files (x86)\PICC\Devices\16f1826.h
----- -----
 1268   196 Total

Page ROM  %  RAM   Vol Diff  Functions:
---- --- --- ---   --- ----  ----------
0     21   1    1             @delay_ms1
0     18   1    1             @delay_us1
0      6   0    0             @PUTCHARI_BIU_1
0    609  30    0             @const626
0      6   0    0    33  1.3  set_pins
0     13   1    0   174  1.8  set_SPI
0     19   1    0    67  1.2  set_variables
0     11   1    1    72  2.4  write_register_byte
0     22   1    3   149  1.8  write_register
0     46   2    1   212  2.7  set_driver
0    356  18   11  1594  8.9  motion_cycle
0    272  13    5  1629  7.8  homing_cycle
 Inline         8   257  4.1  go_position
0    427  21   34  1200 10.8  rs232_message
0     42   2   13             @MUL3232
0      7   0    0    33  1.3  isr_rs232_message
0    124   6    1   688  4.3  MAIN
 Inline         0             @cinit1

Program metrics:
    Functions               12
    Statements              196
    Comments                218
    Volume (V)              9001
    Difficulty (D)          49.2
    Effort to implement (E) 442772
    Time to implement (T)   6 hours, 50 minutes
    Est Delivered Bugs (B)  2
    Cyclomatic Complexity   28
    Maintainability (MI)    107

 Segment     Used  Free
-----------  ----  ----
00000-00002     3  0  
00003-00003     0  1  
00004-00022    31  0  
00023-007FF  1999  14  



