
ROM used: 716 (35%)
          716 (35%) including unused fragments

          1 Average locations per line
          3 Average locations per statement

RAM used: 6 (2%) at main() level
          33 (10%) worst case

Stack used: 2 worst case (out of 16 total available)

Lines Stmts  %   Files
----- ----- ---  -----
  439   209 100  (Yüksek Hýz)With Torque Selection Enable V1.1.c
  474     0   0  C:\Program Files (x86)\PICC\devices\16f1826.h
----- -----
  913   209 Total

Page ROM  %  RAM   Vol Diff  Functions:
---- --- --- ---   --- ----  ----------
0     21   3   1             @delay_ms1
0      6   1   0    33  1.3  set_pins
0     13   2   0   174  1.8  set_SPI
0     23   3   0    86  1.3  set_variables
0    337  47   0  3304  3.2  set_driver
0    270  38   1  1946  5.1  motion_cycle
0     43   6   1   138  1.3  MAIN

Program metrics:
    Functions               6
    Statements              209
    Comments                213
    Volume (V)              7023
    Difficilty (D)          15.3
    Effort to implement (E) 107412
    Time to implement (T)   1 hours, 39 minutes
    Est Delivered Bugs (B)  1
    Cyclomatic Complexity   6
    Maintainability (MI)    86

 Segment     Used  Free
-----------  ----  ----
00000-00002     3  0  
00003-007FF   713  1332  



