
ROM used: 438 (21%)
          438 (21%) including unused fragments

          0 Average locations per line
          2 Average locations per statement

RAM used: 7 (2%) at main() level
          35 (10%) worst case

Stack used: 2 worst case (out of 16 total available)

Lines Stmts  %   Files
----- ----- ---  -----
  414   179 100  3 Eksen (SMD V1.1).c
  474     0   0  C:\Program Files (x86)\PICC\devices\16f1826.h
----- -----
  888   179 Total

Page ROM  %  RAM   Vol Diff  Functions:
---- --- --- ---   --- ----  ----------
0     21   5   1             @delay_ms1
0     38   9   1             @PUTCHAR_1_
0      8   2   0    69  1.6  set_pins
0     13   3   0   174  1.8  set_SPI
0     19   4   0    67  1.2  set_variables
0    297  68   0  2857  3.2  set_driver
0     39   9   0   102  1.3  MAIN

Program metrics:
    Functions               5
    Statements              179
    Comments                205
    Volume (V)              3834
    Difficilty (D)          10.1
    Effort to implement (E) 38869
    Time to implement (T)   36 minutes
    Est Delivered Bugs (B)  0
    Cyclomatic Complexity   1
    Maintainability (MI)    55

 Segment     Used  Free
-----------  ----  ----
00000-00002     3  0  
00003-007FF   435  1610  



