
ROM used: 886 (43%)
          886 (43%) including unused fragments

          1 Average locations per line
          4 Average locations per statement

RAM used: 9 (3%) at main() level
          46 (14%) worst case

Stack used: 2 worst case (out of 16 total available)

Lines Stmts  %   Files
----- ----- ---  -----
  439   218 100  Torque Selection Enable.c
  474     0   0  C:\Program Files (x86)\PICC\devices\16f1826.h
----- -----
  913   218 Total

Page ROM  %  RAM   Vol Diff  Functions:
---- --- --- ---   --- ----  ----------
0     21   2   1             @delay_ms1
0     18   2   1             @delay_us1
0      6   1   0    33  1.3  set_pins
0     13   1   0   174  1.8  set_SPI
0     27   3   0   106  1.3  set_variables
0    341  38   0  3341  3.2  set_driver
0    457  52   1  2461  4.0  MAIN

Program metrics:
    Functions               5
    Statements              218
    Comments                208
    Volume (V)              7368
    Difficilty (D)          12.7
    Effort to implement (E) 93317
    Time to implement (T)   1 hours, 26 minutes
    Est Delivered Bugs (B)  1
    Cyclomatic Complexity   1
    Maintainability (MI)    45

 Segment     Used  Free
-----------  ----  ----
00000-00002     3  0  
00003-007FF   883  1162  



