
ROM used:   1884/2048 (92%)
            1884/2048 (92%) including unused fragments

            1.3 Average locations per line
            5.7 Average locations per statement

RAM used:   7/335 (2%) at main() level
            49/335 (15%) worst case

Stack used: 2 worst case (2 in main + 0 for interrupts)
Stack size: 16

Lines Stmts  %   Files
----- ----- ---  -----
  583   330 100  DEMO v1.1.c
  825     0   0  C:\Program Files (x86)\PICC\Devices\16f1826.h
----- -----
 1408   330 Total

Page ROM  %  RAM   Vol Diff  Functions:
---- --- --- ---   --- ----  ----------
0     21   1    1             @delay_ms1
0     18   1    1             @delay_us1
0    117   6    0             @const634
0      6   0    0    33  1.3  set_pins
0     13   1    0   174  1.8  set_SPI
0     23   1    0    86  1.3  set_variables
0    336  18    0  3304  3.2  set_driver
0   1307  69   29  7507  7.1  motion_cycle
0     40   2    1   138  1.3  MAIN
 Inline         0             @cinit1

Program metrics:
    Functions               6
    Statements              330
    Comments                255
    Volume (V)              13187
    Difficulty (D)          17.1
    Effort to implement (E) 225960
    Time to implement (T)   3 hours, 29 minutes
    Est Delivered Bugs (B)  1
    Cyclomatic Complexity   12
    Maintainability (MI)    34

 Segment     Used  Free
-----------  ----  ----
00000-00002     3  0  
00003-007FF  1881  164  



