
ROM used:   1427/2048 (70%)
            1427/2048 (70%) including unused fragments

            1.1 Average locations per line
            5.9 Average locations per statement

RAM used:   8/335 (2%) at main() level
            35/335 (10%) worst case

Stack used: 2 worst case (2 in main + 0 for interrupts)
Stack size: 16

Lines Stmts  %   Files
----- ----- ---  -----
  463   240 100  DEMO v1.1.c
  825     0   0  C:\Program Files (x86)\PICC\Devices\16f1826.h
----- -----
 1288   240 Total

Page ROM  %  RAM   Vol Diff  Functions:
---- --- --- ---   --- ----  ----------
0     22   2    1             @delay_ms1
0     16   1    1             @delay_us1
0    233  16    0             @const632
0      6   0    0    33  1.3  set_pins
0     13   1    0   174  1.8  set_SPI
0     23   2    0    86  1.3  set_variables
0    336  24    0  3304  3.2  set_driver
0    736  52    9  3422  6.5  motion_cycle
0     39   3    1   138  1.3  MAIN
 Inline         0             @cinit1

Program metrics:
    Functions               6
    Statements              240
    Comments                242
    Volume (V)              8726
    Difficulty (D)          16.5
    Effort to implement (E) 144301
    Time to implement (T)   2 hours, 14 minutes
    Est Delivered Bugs (B)  1
    Cyclomatic Complexity   6
    Maintainability (MI)    53

 Segment     Used  Free
-----------  ----  ----
00000-00002     3  0  
00003-007FF  1424  621  



