
ROM used:   1940/2048 (95%)
            1940/2048 (95%) including unused fragments

            1.5 Average locations per line
            9.9 Average locations per statement

RAM used:   23/335 (7%) at main() level
            93/335 (28%) worst case

Stack used: 5 worst case (4 in main + 1 for interrupts)
Stack size: 16

Lines Stmts  %   Files
----- ----- ---  -----
  443   195 100  X Motoru.c
  825     0   0  ..\..\..\..\..\..\..\..\Program Files (x86)\PICC\Devices\16f1826.h
----- -----
 1268   195 Total

Page ROM  %  RAM   Vol Diff  Functions:
---- --- --- ---   --- ----  ----------
0     21   1    1             @delay_ms1
0     18   1    1             @delay_us1
0      6   0    0             @PUTCHARI_BIU_1
0    609  31    0             @const626
0      6   0    0    33  1.3  set_pins
0     13   1    0   174  1.8  set_SPI
0     19   1    0    67  1.2  set_variables
0     11   1    1    72  2.4  write_register_byte
0     22   1    3   149  1.8  write_register
0     46   2    1   212  2.7  set_driver
0    309  16    9  1460  8.4  motion_cycle
0    230  12    3  1560  7.4  homing_cycle
 Inline         8   257  4.1  go_position
0    427  22   34  1200 10.8  rs232_message
0     42   2   13             @MUL3232
0      7   0    0    33  1.3  isr_rs232_message
0    120   6    0   688  4.3  MAIN
 Inline         0             @cinit1

Program metrics:
    Functions               12
    Statements              195
    Comments                219
    Volume (V)              8747
    Difficulty (D)          48.2
    Effort to implement (E) 421354
    Time to implement (T)   6 hours, 30 minutes
    Est Delivered Bugs (B)  2
    Cyclomatic Complexity   28
    Maintainability (MI)    107

 Segment     Used  Free
-----------  ----  ----
00000-00002     3  0  
00003-00003     0  1  
00004-00022    31  0  
00023-007FF  1906  107  



