
ROM used: 19294 (20%)
          19294 (20%) including unused fragments

          4 Average locations per line
          10 Average locations per statement

RAM used: 209 (3%) at main() level
          443 (5%) worst case

Stack used: 10 worst case (out of 31 total available)

Lines Stmts  %   Files
----- ----- ---  -----
 2056  1032  53  Control_Card_v2.0.c
  414     0   0  C:\Program Files (x86)\PICC\devices\30f6015.h
 2172   898  47  C:\Program Files (x86)\PICC\drivers\math.h
----- -----
 4642  1930 Total

Page ROM  %  RAM   Vol Diff  Functions:
---- --- --- ---   --- ----  ----------
0     44   0   4             @SFTOI
0     58   0   2             @ITOF
0    202   1   8             @DIVFF
0    416   1   8             @ADDFF
0    196   1   8             @MULFF
0     20   0   2             @delay_ms1
0     16   0   2             @delay_us1
0    150   0   0             @const573
0     10   0   0    32  1.0  dp_init
0     74   0   2   414  4.5  dp_up
0     66   0   2   361  4.5  dp_down
0    816   2  19  2140  8.1  dp_set
0     36   0   0             @const594
0    182   0   0             @PRINTFU16_38400_5893_5892
0     32   0   0             @const598
0     36   0   0             @const599
0     32   0   0             @const600
0     38   0   0             @const601
0     28   0   0             @const602
0     36   0   0             @const604
0     38   0   0             @const606
0     22   0   0             @const607
0     32   0   0             @const608
0     48   0   8             @MUL3232
0     84   0   8             @DIV3232A
0    112   0   9   171  4.5  md_mt_get
0     38   0   0             @const620
0    110   0   7   274  5.0  md_mt_set
0     32   0   0             @const623
0     42   0   0   172  1.4  md_init
0     18   0   0    67  1.2  fr_init
0    268   1  11  2091  5.9  fr_write_byte
0    152   0   8  1080  6.2  fr_read_byte
0     44   0   9   243  5.3  fr_write
0     50   0  11   204  4.2  fr_read
0    122   0   5   355  6.3  data_get_serial_no
0     24   0   0             @const655
0     80   0   2   104  3.0  data_get_move_range
0     36   0   0             @const659
0     80   0   2   104  3.0  data_get_home_pos
0     40   0   0             @const662
0     80   0   2   104  3.0  data_get_end_pos
0     38   0   0             @const665
0     98   0   2   191  4.3  data_get_conv_const
0     40   0   0             @const668
0     80   0   2   104  3.0  data_get_backlash
0     34   0   0             @const671
0    124   0   1   265  5.2  data_get_comm_type
0     48   0   0             @const674
0     46   0   0             @const675
0     44   0   0             @const676
0     80   0   2   104  3.0  data_get_last_pos
0     36   0   0             @const679
0    130   0   6   159  4.0  data_get_pos
0     42   0   0             @const683
0    100   0   3   459  6.8  data_get_pos_table
0    188   0   0   461  2.3  data_get_sys_data
0     48   0   0             @const690
0     48   0   0             @const692
0     56   0   0             @const694
0    100   0  18   317  5.7  data_set_serial_no
0    216   1  13   851  8.1  data_set_move_range
0     92   0   0             @const705
0     94   0   0             @const706
0    150   0  13   607  7.1  data_set_home_pos
0     86   0   0             @const711
0    170   0  15   685  6.6  data_set_end_pos
0     98   0   0             @const716
0    298   1   5   494  4.0  data_set_conv_const
0     32   0   0             @const720
0     30   0   0             @const721
0     46   0   0             @const722
0    100   0   9   424  6.3  data_set_backlash
0     94   0   3   359  5.8  data_set_comm_type
0     14   0   2    38  1.7  data_set_last_pos
0     28   0   6    79  2.8  data_set_pos
0     78   0   0   606  2.8  qei_init
0     46   0   0             @const735
0     68   0   2    83  2.5  qei_set_count
0     48   0   0             @const738
0     68   0   2    83  2.5  qei_set_max_count
0     58   0   0             @const741
0      6   0   0    13  1.0  qei_get_count
0     24   0   2   156  3.1  pwm_select_mode
0     64   0   0   359  2.7  pwm_init
0     38   0   0             @const745
0     38   0   7   213  4.5  pwm_set_period
0     46   0   0   144  3.3  pwm_disable
0     28   0   0             @const750
0    578   1   3  3236  9.9  pwm_enable
0    464   1  11  1311  8.3  move_to
0     66   0   8             @MULS3232
0    138   0   8             @DIVS3232A
0     32   0   0             @const765
0     38   0   0             @const766
0     38   0   0             @const767
0     38   0   0             @const768
0    682   2  15  1098  6.7  move_pos
0    110   0   0             @const769
0    106   0   0             @const770
0     40   0   0             @const771
0     32   0   0             @const773
0    250   1   0             @PRINTFD16_38400_5893_5892
0     40   0   0             @const777
0     40   0   0             @const778
0     40   0   0             @const779
0     24   0   0             @const781
0     66   0   0   221  2.6  move_home
0     24   0   0             @const783
0    152   0   3   346  3.6  move_init
0     42   0   0             @const785
0    138   0  21  1125  5.4  pp_get_byte
0    152   0  25  1231  4.9  pp_get_BCD_byte
0    148   0   2   439  5.5  pp_comm_pause
0     30   0   0             @const813
0     38   0   0             @const815
0     32   0   0             @const816
0    260   1   3   843  4.6  pp_set_pos
0     54   0   0             @const821
0    110   0   4   156  2.8  pp_move_pos
0     56   0   0             @const826
0    256   1   0   816  4.7  pp_get_command
0     38   0   0             @const829
0     30   0   0             @const830
0     32   0   0             @const831
0     32   0   0             @const832
0     36   0   0             @const833
0   2912   8   5 12831 11.8  rs232_message
0     30   0   0             @const836
0     36   0   0             @const837
0     36   0   0             @const838
0     40   0   0             @const839
0     36   0   0             @const840
0     42   0   0             @const841
0     34   0   0             @const842
0     42   0   0             @const843
0     36   0   0             @const844
0     38   0   0             @const845
0     36   0   0             @const846
0     36   0   0             @const847
0     38   0   0             @const848
0     40   0   0             @const849
0     36   0   0             @const850
0     38   0   0             @const851
0     38   0   0             @const852
0     34   0   0             @const853
0     50   0   0             @const855
0     44   0   0             @const857
0     54   0   0             @const859
0     52   0   0             @const861
0     48   0   0             @const863
0     34   0   0             @const865
0     60   0   0             @const867
0     44   0   0             @const869
0     36   0   0             @const870
0     40   0   0             @const875
0     24   0   0             @const880
0     38   0   0             @const881
0     28   0   0             @const885
0     30   0   0             @const886
0     32   0   0             @const900
0     50   0   0             @const901
0     50   0   0             @const902
0     50   0   0             @const903
0     50   0   0             @const904
0     50   0   0             @const905
0     50   0   0             @const906
0     50   0   0             @const907
0     30   0   0             @const908
0     28   0   0             @const913
0     34   0   0             @const915
0     56   0   0             @const916
0     50   0   0             @const920
0     52   0   0    17  0.8  default_isr
0     36   0   0             @const923
0     72   0   0    70  1.5  isr_addrerr
0     26   0   0             @const925
0     72   0   0    70  1.5  isr_oscfail
0     20   0   0             @const928
0     34   0   2    39  2.0  isr_pp_strobe
0     30   0   0    18  1.0  isr_rs232_message
0   1422   4   2  4509  8.4  MAIN
0     52   0   0             @const937
0     42   0   0             @const938
0     52   0   0             @const939
0     36   0   0             @const942
0     22   0   0             @const944
0     22   0   0             @const947
0     22   0   0             @const950
0     22   0   0             @const953
0     22   0   0             @const956
0     22   0   0             @const959
0     22   0   0             @const962
0     22   0   0             @const965
0     22   0   0             @const968
0     22   0   0             @const971
0     22   0   0             @const974
0     50   0   0             @const977

Program metrics:
    Functions               58
    Statements              1930
    Comments                707
    Volume (V)              73855
    Difficilty (D)          252.3
    Effort to implement (E) 18632385
    Time to implement (T)   287 hours, 32 minutes
    Est Delivered Bugs (B)  23
    Cyclomatic Complexity   167
    Maintainability (MI)    38

 Segment     Used  Free
-----------  ----  ----
00000-00002     4  0  
00004-000FE   252  0  
00100-0FFFE  19038  46242  
10000-17FFE     0  32768  



