
ROM used:   7978/49152 (8%)
            7978/49152 (8%) including unused fragments

            2.0 Average locations per line
            5.7 Average locations per statement

RAM used:   342/8192 (4%) at main() level
            554/8192 (7%) worst case

Stack used: 98 worst case (98 in main + 0 for interrupts)
Stack size: 128

Lines Stmts  %   Files
----- ----- ---  -----
 1006   483  34  Control_Card_v2.0.c
  824     0   0  ..\..\..\..\..\Program Files (x86)\PICC\Devices\30f6015.h
 2229   921  66  ..\..\..\..\..\Program Files (x86)\PICC\Drivers\math.h
----- -----
 4059  1404 Total

Page ROM  %  RAM   Vol Diff  Functions:
---- --- --- ---   --- ----  ----------
0     16   0    2             @delay_ms1
0     16   0    2             @delay_us1
0    498   3    0             @const1206
0     10   0    0    32  1.0  dp_init
0     64   0    2   414  4.5  dp_up
0     58   0    2   361  4.5  dp_down
0    776   5   19  2140  8.1  dp_set
0     36   0    0             @const1225
0    178   1    0             @PRINTFU16_38400_5893_5892
0     32   0    0             @const1229
0     36   0    0             @const1230
0     32   0    0             @const1231
0     38   0    0             @const1232
0     28   0    0             @const1233
0     36   0    0             @const1235
0     38   0    0             @const1237
0     22   0    0             @const1238
0     32   0    0             @const1239
0     48   0    8             @MUL3232
0     84   1    8             @DIV3232A
0    114   1    9   171  4.5  md_torque_get
0     38   0    0             @const1251
0    108   1    7   274  5.0  md_torque_set
0     32   0    0             @const1254
0     24   0    2   136  3.5  md_set_dir
0     18   0    2    78  2.5  md_set_state
0     42   0    0   172  1.4  md_init
0    106   1    9   444  8.4  set_register_bits
0     58   0    4   352  3.1  send_pin_state
0     22   0    1    82  2.5  set_all_pins
0     46   0   10   185  4.0  set_pin
0     58   0    4   352  3.1  set_pin_up_time
0     58   0    4   352  3.1  set_pin_down_time
0    378   2    2  1455  4.4  update_pins
0     24   0    2   156  3.1  pwm_select_mode
0     62   0    0   359  2.7  pwm_init
0     38   0    0             @const1292
0     74   0    9   319  5.5  pwm_set_period
0     44   0    0   144  3.3  pwm_disable
0     28   0    0             @const1297
0    230   1    3   827  8.7  pwm_control
0    162   1    5   756  6.5  pwm_enable
0     66   0    8             @MULS3232
0    126   1    8             @DIVS3232A
0     78   0    2   150  3.3  set_speed
0     26   0    0             @const1310
0    438   3    9   868  6.6  move
0     40   0    0             @const1314
0     42   0    0             @const1315
0     38   0    0             @const1316
0     38   0    0             @const1317
0     38   0    0             @const1318
0    150   1    2   468  5.4  move_to_pos
0    110   1    0             @const1321
0     24   0    0             @const1322
0     28   0    0             @const1324
0    114   1    3   319  4.1  move_to_home
0     24   0    0             @const1326
0     28   0    0             @const1327
0     38   0    0   130  1.8  demo_run
0   1414   9    7  6648 10.5  rs232_message
0     54   0    0             @const1332
0     20   0    0             @const1336
0     48   0    0             @const1337
0     34   0    0             @const1342
0     30   0    0             @const1347
0     36   0    0             @const1353
0     34   0    0             @const1355
0     50   0    0             @const1357
0     52   0    0             @const1362
0     38   0    0             @const1367
0     24   0    0    48  2.1  @const1372
0     46   0    2    48  2.1  isr_rs485_message
0     36   0    0    33  1.3  isr_rs232_message
0    462   3    0   578  3.3  MAIN
0     56   0    0             @const1379
 Inline         0             @cinit1

Program metrics:
    Functions               32
    Statements              1404
    Comments                633
    Volume (V)              30988
    Difficulty (D)          135.8
    Effort to implement (E) 4207297
    Time to implement (T)   64 hours, 56 minutes
    Est Delivered Bugs (B)  9
    Cyclomatic Complexity   89
    Maintainability (MI)    102

 Segment     Used  Free
-----------  ----  ----
00000-00002     4  0  
00004-000FE   252  0  
00100-0FFFE  7722  57558  
10000-17FFE     0  32768  



