
ROM used:   1546/2048 (75%)
            1546/2048 (75%) including unused fragments

            0.7 Average locations per line
            5.7 Average locations per statement

RAM used:   28/335 (8%) at main() level
            56/335 (17%) worst case

Stack used: 4 worst case (3 in main + 1 for interrupts)
Stack size: 16

Lines Stmts  %   Files
----- ----- ---  -----
 1264   272 100  X Motoru.c
  825     0   0  C:\Program Files (x86)\PICC\Devices\16f1826.h
----- -----
 2089   272 Total

Page ROM  %  RAM   Vol Diff  Functions:
---- --- --- ---   --- ----  ----------
0     20   1    1             @delay_ms1
0     19   1    1             @delay_us1
0      6   0    0    33  1.3  set_pins
0     13   1    0   174  1.8  set_SPI
0     19   1    0    67  1.2  set_variables
0     11   1    1    72  2.4  write_register_byte
0    130   8    3   216  2.2  write_register
 Inline         9             @PRINTF_LU_38400_106_105
0     88   6    7   444  8.4  set_register_bits
 Inline         7   942  2.9  set_ctrl_reg
0      9   1    0             @const732
0     75   5    4             @PSTRINGC7_38400_106_105
0      9   1    0             @const736
0      9   1    0             @const739
0      9   1    0             @const742
0      9   1    0             @const745
0      9   1    0             @const748
0      9   1    0             @const751
0      9   1    0             @const754
 Inline         2   403  2.8  set_torque_reg
0     10   1    0             @const773
0     10   1    0             @const776
0     10   1    0             @const779
 Inline         2   403  2.8  set_off_reg
0      9   1    0             @const792
0      9   1    0             @const795
0      9   1    0             @const798
 Inline         2   403  2.8  set_blank_reg
0      9   1    0             @const811
0      9   1    0             @const814
0      9   1    0             @const817
 Inline         2   403  2.8  set_decay_reg
0      9   1    0             @const834
0      9   1    0             @const837
0      9   1    0             @const840
 Inline         3   506  2.8  set_stall_reg
0      9   1    0             @const863
0      9   1    0             @const866
0      9   1    0             @const869
0      9   1    0             @const872
 Inline         6   827  2.9  set_drive_reg
0      9   1    0             @const924
 Inline         0   209  2.6  clear_status_reg
0     10   1    0             @const938
0    792  51    0   407  2.4  set_driver
0      9   1    0             @const947
0      9   1    0    50  1.5  isr_rs232_message
0     87   6    1   328  3.3  MAIN
 Inline         0             @cinit1

Program metrics:
    Functions               17
    Statements              272
    Comments                840
    Volume (V)              10022
    Difficulty (D)          44.6
    Effort to implement (E) 447112
    Time to implement (T)   6 hours, 54 minutes
    Est Delivered Bugs (B)  2
    Cyclomatic Complexity   14
    Maintainability (MI)    43

 Segment     Used  Free
-----------  ----  ----
00000-00002     3  0  
00003-00003     0  1  
00004-0001E    27  0  
0001F-007FF  1516  501  



